#
# A fatal error has been detected by the Java Runtime Environment:
#
#  Internal Error (jvmciRuntime.cpp:1609), pid=126, tid=140
#  fatal error: Fatal exception in JVMCI: Error calling jdk.vm.ci.services.Services.serializeSavedProperties
#
# JRE version: OpenJDK Runtime Environment GraalVM CE 22.3.0 (17.0.5+8) (build 17.0.5+8-jvmci-22.3-b08)
# Java VM: OpenJDK 64-Bit Server VM GraalVM CE 22.3.0 (17.0.5+8-jvmci-22.3-b08, mixed mode, sharing, tiered, jvmci, jvmci compiler, compressed oops, compressed class ptrs, parallel gc, linux-amd64)
# Problematic frame:
# V  [libjvm.so+0x972714]  JVMCIRuntime::fatal_exception(JVMCIEnv*, char const*)+0x74
#
# Core dump will be written. Default location: Core dumps may be processed with "/usr/share/apport/apport -p%p -s%s -c%c -d%d -P%P -u%u -g%g -- %E" (or dumping to /home/runner/Bikini-Bottom/core.126)
#
# If you would like to submit a bug report, please visit:
#   https://github.com/oracle/graal/issues
#

---------------  S U M M A R Y ------------

Command Line: -XX:ThreadPriorityPolicy=1 -XX:+UnlockExperimentalVMOptions -XX:+EnableJVMCIProduct -XX:JVMCIThreadsPerNativeLibraryRuntime=1 -XX:-UnlockExperimentalVMOptions -Declipse.application=org.eclipse.jdt.ls.core.id1 -Dosgi.bundles.defaultStartLevel=4 -Declipse.product=org.eclipse.jdt.ls.core.product -Dlog.level=ALL -Xverify:none -XX:+UseParallelGC -XX:GCTimeRatio=4 -XX:AdaptiveSizePolicyWeight=90 -Dsun.zip.disableMemoryMapping=true -Xmx512m -Xms100m /nix/store/m6gcpi1ii6rghy04cjwjddcavv7i90df-jdt-language-server-1.9.0/share/java/plugins/org.eclipse.equinox.launcher_1.6.400.v20210924-0641.jar --add-modules=ALL-SYSTEM --add-opens java.base/java.util=ALL-UNNAMED --add-opens java.base/java.lang=ALL-UNNAMED -configuration /home/runner/.cache/jdt-language-server/config -data /home/runner/.cache/jdt-language-server/data/home/runner/Bikini-Bottom

Host: Intel(R) Xeon(R) CPU @ 2.20GHz, 8 cores, 1G, Ubuntu 20.04.2 LTS
Time: Wed Aug 16 09:03:17 2023 UTC elapsed time: 430.883976 seconds (0d 0h 7m 10s)

---------------  T H R E A D  ---------------

Current thread (0x00007fd0380b2110):  JavaThread "JVMCI-native CompilerThread0" daemon [_thread_in_vm, id=140, stack(0x00007fd01c848000,0x00007fd01ca48000)]


Current CompileTask:
JVMCI-native: 430884 9077   !   4       org.eclipse.osgi.internal.loader.classpath.ClasspathManager::findLocalClass (210 bytes)

Stack: [0x00007fd01c848000,0x00007fd01ca48000],  sp=0x00007fd01ca46380,  free space=2040k
Native frames: (J=compiled Java code, j=interpreted, Vv=VM code, C=native code)
V  [libjvm.so+0x972714]  JVMCIRuntime::fatal_exception(JVMCIEnv*, char const*)+0x74
V  [libjvm.so+0x93e2fe]  JVMCIEnv::copy_saved_properties()+0x14e
V  [libjvm.so+0x9732a9]  JVMCIRuntime::initialize(JVMCIEnv*)+0xb19
V  [libjvm.so+0x9738a2]  JVMCIRuntime::get_HotSpotJVMCIRuntime(JVMCIEnv*)+0x12
V  [libjvm.so+0x9749f2]  JVMCIRuntime::compile_method(JVMCIEnv*, JVMCICompiler*, methodHandle const&, int)+0xd2
V  [libjvm.so+0x5b0d20]  CompileBroker::invoke_compiler_on_method(CompileTask*)+0x1470
V  [libjvm.so+0x5b12e8]  CompileBroker::compiler_thread_loop()+0x528
V  [libjvm.so+0xd82460]  JavaThread::thread_main_inner()+0xd0
V  [libjvm.so+0xd85a40]  Thread::call_run()+0xc0
V  [libjvm.so+0xbdb1e1]  thread_native_entry(Thread*)+0xe1

Register to memory mapping:

RAX=0x00007fd03c4b2000 points into unknown readable memory: 0x0000000000000058 | 58 00 00 00 00 00 00 00
RBX=0x00007fd03d5ad398: <offset 0x0000000000ef5398> in /nix/store/gpxl5qgg8kicmcvivwmybwjlpf7wh20l-graalvm17-ce-22.3.0/lib/server/libjvm.so at 0x00007fd03c6b8000
RCX=0x00007fd03d5651e8: <offset 0x0000000000ead1e8> in /nix/store/gpxl5qgg8kicmcvivwmybwjlpf7wh20l-graalvm17-ce-22.3.0/lib/server/libjvm.so at 0x00007fd03c6b8000
RDX=0x0000000000000649 is an unknown value
RSP=0x00007fd01ca46380 is pointing into the stack for thread: 0x00007fd0380b2110
RBP=0x00007fd01ca463a0 is pointing into the stack for thread: 0x00007fd0380b2110
RSI=0x00007fd03d5adc48: <offset 0x0000000000ef5c48> in /nix/store/gpxl5qgg8kicmcvivwmybwjlpf7wh20l-graalvm17-ce-22.3.0/lib/server/libjvm.so at 0x00007fd03c6b8000
RDI=0x00000000e0000000 is an oop: java.lang.String 
{0x00000000e0000000} - klass: 'java/lang/String'
 - string: "bGnFLdPCnca8rIUKxCUI/oml/RwHPWbiiyhjvmU7tyw="
R8 =0x00007fd03d5ad398: <offset 0x0000000000ef5398> in /nix/store/gpxl5qgg8kicmcvivwmybwjlpf7wh20l-graalvm17-ce-22.3.0/lib/server/libjvm.so at 0x00007fd03c6b8000
R9 =0x0000000000000003 is an unknown value
R10=0x00007fd03d8feda0: <offset 0x0000000001246da0> in /nix/store/gpxl5qgg8kicmcvivwmybwjlpf7wh20l-graalvm17-ce-22.3.0/lib/server/libjvm.so at 0x00007fd03c6b8000
R11=0x000000080044f048 is pointing into metadata
R12=0x0 is NULL
R13=0x00007fd0380b2110 is a thread
R14=0x00007fd038000b80 points into unknown readable memory: 0x00007fd03d7dea38 | 38 ea 7d 3d d0 7f 00 00
R15=0x00007fd03d8ece40: <offset 0x0000000001234e40> in /nix/store/gpxl5qgg8kicmcvivwmybwjlpf7wh20l-graalvm17-ce-22.3.0/lib/server/libjvm.so at 0x00007fd03c6b8000


Registers:
RAX=0x00007fd03c4b2000, RBX=0x00007fd03d5ad398, RCX=0x00007fd03d5651e8, RDX=0x0000000000000649
RSP=0x00007fd01ca46380, RBP=0x00007fd01ca463a0, RSI=0x00007fd03d5adc48, RDI=0x00000000e0000000
R8 =0x00007fd03d5ad398, R9 =0x0000000000000003, R10=0x00007fd03d8feda0, R11=0x000000080044f048
R12=0x0000000000000000, R13=0x00007fd0380b2110, R14=0x00007fd038000b80, R15=0x00007fd03d8ece40
RIP=0x00007fd03d02a714, EFLAGS=0x0000000000010206, CSGSFS=0x002b000000000033, ERR=0x0000000000000006
  TRAPNO=0x000000000000000e

Top of Stack: (sp=0x00007fd01ca46380)
0x00007fd01ca46380:   00007fd01ca46940 00007fd0380b2110
0x00007fd01ca46390:   00007fd01e2ad8c8 0000000800c417a0
0x00007fd01ca463a0:   00007fd01ca46500 00007fd03cff62fe
0x00007fd01ca463b0:   00007fd01ca463e0 00007fd01ca46440 

Instructions: (pc=0x00007fd03d02a714)
0x00007fd03d02a614:   30 e8 f6 cf e8 ff 4c 89 e7 e8 2e 48 d1 ff 84 db
0x00007fd03d02a624:   75 2a 4d 85 ed 74 04 4d 8b 6d 00 48 83 c4 08 44
0x00007fd03d02a634:   89 f9 4c 89 f2 4c 89 ee 5b 4c 89 e7 41 5c 41 5d
0x00007fd03d02a644:   41 5e 41 5f 5d e9 e2 47 d1 ff 66 90 48 83 c4 08
0x00007fd03d02a654:   5b 41 5c 41 5d 41 5e 41 5f 5d c3 90 31 d2 be 08
0x00007fd03d02a664:   00 00 00 4c 89 ff e8 b1 78 a3 ff 49 89 c5 e9 37
0x00007fd03d02a674:   ff ff ff 66 0f 1f 84 00 00 00 00 00 48 8b 7a 08
0x00007fd03d02a684:   e9 6d ff ff ff 0f 1f 80 00 00 00 00 e8 5b 48 0a
0x00007fd03d02a694:   00 84 c0 75 89 e9 6a ff ff ff 66 90 55 48 89 e5
0x00007fd03d02a6a4:   41 56 41 55 41 54 49 89 fc 53 48 89 f3 66 48 8d
0x00007fd03d02a6b4:   3d 27 5e 85 00 66 66 48 e8 df 43 8d ff 4c 8b 28
0x00007fd03d02a6c4:   8b 05 be 72 8a 00 85 c0 75 14 ba 01 00 00 00 48
0x00007fd03d02a6d4:   8d 0d ae 72 8a 00 f0 0f b1 11 85 c0 74 4e be c8
0x00007fd03d02a6e4:   00 00 00 4c 89 ef e8 01 0b 41 00 48 8d 05 12 ac
0x00007fd03d02a6f4:   85 00 49 89 d8 48 8d 0d e8 aa 53 00 ba 49 06 00
0x00007fd03d02a704:   00 48 8d 35 3c 35 58 00 bf 00 00 00 e0 48 8b 00
0x00007fd03d02a714:   c6 00 58 31 c0 e8 e2 91 c6 ff 5b 41 5c 41 5d 41
0x00007fd03d02a724:   5e 5d e9 55 34 26 00 0f 1f 44 00 00 48 8d 05 81
0x00007fd03d02a734:   a3 8b 00 48 89 df 4c 8b 30 e8 9e 43 8d ff 48 89
0x00007fd03d02a744:   de 48 89 c2 49 8b 06 4c 89 f7 ff 50 08 4c 89 f7
0x00007fd03d02a754:   e8 a7 5c 27 00 4d 85 e4 74 12 be 01 00 00 00 4c
0x00007fd03d02a764:   89 e7 e8 35 43 fc ff eb 82 0f 1f 00 be 01 00 00
0x00007fd03d02a774:   00 4c 89 ef e8 d3 fd ff ff e9 6d ff ff ff 66 66
0x00007fd03d02a784:   2e 0f 1f 84 00 00 00 00 00 0f 1f 00 55 48 89 e5
0x00007fd03d02a794:   41 57 41 56 41 55 41 54 53 48 81 ec 08 02 00 00
0x00007fd03d02a7a4:   64 48 8b 04 25 28 00 00 00 48 89 45 c8 8b 07 83
0x00007fd03d02a7b4:   f8 02 0f 84 11 04 00 00 4c 8b 6f 18 49 89 ff 49
0x00007fd03d02a7c4:   89 f4 4d 85 ed 74 14 4c 89 ef e8 5d 57 22 00 41
0x00007fd03d02a7d4:   8b 07 83 f8 02 0f 84 19 04 00 00 48 8d 1d 9a 06
0x00007fd03d02a7e4:   8a 00 4c 8d 35 0b 3c 58 00 eb 38 90 48 85 d2 7f
0x00007fd03d02a7f4:   0d 48 8d 05 b4 c0 85 00 48 83 38 00 7e 0e 41 8b
0x00007fd03d02a804:   77 2c 4c 89 f7 31 c0 e8 a0 b2 f7 ff 49 8b 7f 18 


Stack slot to memory mapping:
stack at sp + 0 slots: 0x00007fd01ca46940 is pointing into the stack for thread: 0x00007fd0380b2110
stack at sp + 1 slots: 0x00007fd0380b2110 is a thread
stack at sp + 2 slots: 0x00007fd01e2ad8c8 points into unknown readable memory: 0x6573001880c9ffff | ff ff c9 80 18 00 73 65
stack at sp + 3 slots: 0x0000000800c417a0 is a pointer to class: 
jdk.vm.ci.services.Services {0x0000000800c417a0}
 - instance size:     2
 - klass size:        65
 - access:            public final synchronized 
 - state:             fully_initialized
 - name:              'jdk/vm/ci/services/Services'
 - super:             'java/lang/Object'
 - sub:               
 - arrays:            NULL
 - methods:           Array<T>(0x00007fd01d43eef0)
 - method ordering:   Array<T>(0x0000000800928960)
 - default_methods:   Array<T>(0x0000000000000000)
 - local interfaces:  Array<T>(0x00000008005ce810)
 - trans. interfaces: Array<T>(0x00000008005ce810)
 - constants:         constant pool [427] {0x00007fd01d43dfd0} for 'jdk/vm/ci/services/Services' cache=0x00007fd01d4401c0
 - class loader data:  loader data: 0x00007fd0380283f0 of 'bootstrap'
 - source file:       'Services.java'
 - class annotations:       Array<T>(0x0000000000000000)
 - class type annotations:  Array<T>(0x0000000000000000)
 - field annotations:       Array<T>(0x0000000000000000)
 - field type annotations:  Array<T>(0x0000000000000000)
 - inner classes:     Array<T>(0x00007fd01d440190)
 - nest members:     Array<T>(0x00007fd01d4401b0)
 - permitted subclasses:     Array<T>(0x00000008005ce7a0)
 - java mirror:       a 'java/lang/Class'{0x00000000e02baaf8} = 'jdk/vm/ci/services/Services'
 - vtable length      5  (start addr: 0x0000000800c41970)
 - itable length      2 (start addr: 0x0000000800c41998)
 - ---- static fields (3 words):
 - public static final 'IS_BUILDING_NATIVE_IMAGE' 'Z' @128 
 - public static final 'IS_IN_NATIVE_IMAGE' 'Z' @129 
 - private static volatile 'savedProperties' 'Ljava/util/Map;' @112 
 - static final 'JVMCI_ENABLED' 'Z' @130 
 - private static final 'servicesCache' 'Ljava/util/Map;' @116 
 - private static final 'MAX_UNICODE_IN_UTF8_LENGTH' 'I' @120 
 - private static final 'MAX_UTF8_PROPERTY_STRING_LENGTH' 'I' @124 
 - ---- non-static fields (0 words):
 - non-static oop maps: 
stack at sp + 4 slots: 0x00007fd01ca46500 is pointing into the stack for thread: 0x00007fd0380b2110
stack at sp + 5 slots: 0x00007fd03cff62fe: <offset 0x000000000093e2fe> in /nix/store/gpxl5qgg8kicmcvivwmybwjlpf7wh20l-graalvm17-ce-22.3.0/lib/server/libjvm.so at 0x00007fd03c6b8000
stack at sp + 6 slots: 0x00007fd01ca463e0 is pointing into the stack for thread: 0x00007fd0380b2110
stack at sp + 7 slots: 0x00007fd01ca46440 is pointing into the stack for thread: 0x00007fd0380b2110


---------------  P R O C E S S  ---------------

Threads class SMR info:
_java_thread_list=0x00007fcf9403a560, length=23, elements={
0x00007fd038026690, 0x00007fd0380a6400, 0x00007fd0380a7840, 0x00007fd0380adf80,
0x00007fd0380af330, 0x00007fd0380b0720, 0x00007fd0380b2110, 0x00007fd0380b3620,
0x00007fd0380b4a70, 0x00007fd0380d81e0, 0x00007fd0381207a0, 0x00007fd0382c6880,
0x00007fd03832ed00, 0x00007fd0383317e0, 0x00007fcfcc02be30, 0x00007fcfcc43d910,
0x00007fcfcc4bc970, 0x00007fcfbc0010d0, 0x00007fcfcc641160, 0x00007fcfcc77e0e0,
0x00007fd038364a60, 0x00007fd03842fa60, 0x00007fcfbc012080
}

Java Threads: ( => current thread )
  0x00007fd038026690 JavaThread "main" [_thread_blocked, id=132, stack(0x00007fd03c4d3000,0x00007fd03c5d3000)]
  0x00007fd0380a6400 JavaThread "Reference Handler" daemon [_thread_blocked, id=135, stack(0x00007fd01d12e000,0x00007fd01d22e000)]
  0x00007fd0380a7840 JavaThread "Finalizer" daemon [_thread_blocked, id=136, stack(0x00007fd01d02e000,0x00007fd01d12e000)]
  0x00007fd0380adf80 JavaThread "Signal Dispatcher" daemon [_thread_blocked, id=137, stack(0x00007fd01cc48000,0x00007fd01cd48000)]
  0x00007fd0380af330 JavaThread "Service Thread" daemon [_thread_blocked, id=138, stack(0x00007fd01cb48000,0x00007fd01cc48000)]
  0x00007fd0380b0720 JavaThread "Monitor Deflation Thread" daemon [_thread_blocked, id=139, stack(0x00007fd01ca48000,0x00007fd01cb48000)]
=>0x00007fd0380b2110 JavaThread "JVMCI-native CompilerThread0" daemon [_thread_in_vm, id=140, stack(0x00007fd01c848000,0x00007fd01ca48000)]
  0x00007fd0380b3620 JavaThread "C1 CompilerThread0" daemon [_thread_blocked, id=141, stack(0x00007fd01c648000,0x00007fd01c848000)]
  0x00007fd0380b4a70 JavaThread "Sweeper thread" daemon [_thread_blocked, id=142, stack(0x00007fd01c548000,0x00007fd01c648000)]
  0x00007fd0380d81e0 JavaThread "Common-Cleaner" daemon [_thread_blocked, id=143, stack(0x00007fd01c448000,0x00007fd01c548000)]
  0x00007fd0381207a0 JavaThread "Notification Thread" daemon [_thread_blocked, id=145, stack(0x00007fd01c348000,0x00007fd01c448000)]
  0x00007fd0382c6880 JavaThread "Active Thread: Equinox Container: ebabcda8-e97d-4d9d-a6ba-484bc61040fd" [_thread_blocked, id=149, stack(0x00007fd01c000000,0x00007fd01c100000)]
  0x00007fd03832ed00 JavaThread "Framework Event Dispatcher: Equinox Container: ebabcda8-e97d-4d9d-a6ba-484bc61040fd" daemon [_thread_blocked, id=150, stack(0x00007fcfe4900000,0x00007fcfe4a00000)]
  0x00007fd0383317e0 JavaThread "Start Level: Equinox Container: ebabcda8-e97d-4d9d-a6ba-484bc61040fd" daemon [_thread_blocked, id=151, stack(0x00007fcfe4700000,0x00007fcfe4800000)]
  0x00007fcfcc02be30 JavaThread "SCR Component Actor" daemon [_thread_blocked, id=152, stack(0x00007fcfe4500000,0x00007fcfe4600000)]
  0x00007fcfcc43d910 JavaThread "Worker-JM" [_thread_blocked, id=154, stack(0x00007fcfe4100000,0x00007fcfe4200000)]
  0x00007fcfcc4bc970 JavaThread "Worker-0" [_thread_blocked, id=155, stack(0x00007fcfe3f00000,0x00007fcfe4000000)]
  0x00007fcfbc0010d0 JavaThread "Worker-1: Java indexing... " [_thread_blocked, id=156, stack(0x00007fcfe3d00000,0x00007fcfe3e00000)]
  0x00007fcfcc641160 JavaThread "Java indexing" daemon [_thread_blocked, id=158, stack(0x00007fcfe3900000,0x00007fcfe3a00000)]
  0x00007fcfcc77e0e0 JavaThread "Bundle File Closer" daemon [_thread_blocked, id=159, stack(0x00007fcfe4300000,0x00007fcfe4400000)]
  0x00007fd038364a60 JavaThread "pool-3-thread-1" [_thread_blocked, id=160, stack(0x00007fcfe4400000,0x00007fcfe4500000)]
  0x00007fd03842fa60 JavaThread "pool-2-thread-1" [_thread_in_native, id=161, stack(0x00007fcfe3a00000,0x00007fcfe3b00000)]
  0x00007fcfbc012080 JavaThread "Worker-3: Periodic workspace save." [_thread_blocked, id=162, stack(0x00007fcfe3700000,0x00007fcfe3800000)]

Other Threads:
  0x00007fd0380a1b40 VMThread "VM Thread" [stack: 0x00007fd01d230000,0x00007fd01d330000] [id=134] _threads_hazard_ptr=0x00007fcf9403a560
  0x00007fd038122140 WatcherThread [stack: 0x00007fd01c248000,0x00007fd01c348000] [id=146]
  0x00007fd03803df20 GCTaskThread "GC Thread#0" [stack: 0x00007fd03c096000,0x00007fd03c196000] [id=133]

Threads with active compile tasks:
JVMCI-native CompilerThread0   430939 9077   !   4       org.eclipse.osgi.internal.loader.classpath.ClasspathManager::findLocalClass (210 bytes)

VM state: synchronizing (normal execution)

VM Mutex/Monitor currently owned by a thread:  ([mutex/lock_event])
[0x00007fd038023840] Threads_lock - owner thread: 0x00007fd0380a1b40
[0x00007fd038023ff0] Heap_lock - owner thread: 0x00007fcfbc012080

OutOfMemory and StackOverflow Exception counts:
OutOfMemoryError java_heap_errors=1
LinkageErrors=62

Heap address: 0x00000000e0000000, size: 512 MB, Compressed Oops mode: 32-bit

CDS archive(s) mapped at: [0x0000000800000000-0x0000000800bc8000-0x0000000800bc8000), size 12353536, SharedBaseAddress: 0x0000000800000000, ArchiveRelocationMode: 0.
Compressed class space mapped at: 0x0000000800c00000-0x0000000840c00000, reserved size: 1073741824
Narrow klass base: 0x0000000800000000, Narrow klass shift: 0, Narrow klass range: 0x100000000

GC Precious Log:
 CPUs: 8 total, 1 available
 Memory: 1024M
 Large Page Support: Disabled
 NUMA Support: Disabled
 Compressed Oops: Enabled (32-bit)
 Alignments: Space 512K, Generation 512K, Heap 2M
 Heap Min Capacity: 100M
 Heap Initial Capacity: 100M
 Heap Max Capacity: 512M
 Pre-touch: Disabled
 Parallel Workers: 1

Heap:
 PSYoungGen      total 50688K, used 37376K [0x00000000f5580000, 0x00000000f9600000, 0x0000000100000000)
  eden space 37376K, 100% used [0x00000000f5580000,0x00000000f7a00000,0x00000000f7a00000)
  from space 13312K, 0% used [0x00000000f7a00000,0x00000000f7a00000,0x00000000f8700000)
  to   space 13312K, 0% used [0x00000000f8880000,0x00000000f8880000,0x00000000f9580000)
 ParOldGen       total 349696K, used 349693K [0x00000000e0000000, 0x00000000f5580000, 0x00000000f5580000)
  object space 349696K, 99% used [0x00000000e0000000,0x00000000f557f708,0x00000000f5580000)
 Metaspace       used 53539K, committed 54720K, reserved 1105920K
  class space    used 5222K, committed 5696K, reserved 1048576K

Card table byte_map: [0x00007fd03c196000,0x00007fd03c297000] _byte_map_base: 0x00007fd03ba96000

Marking Bits: (ParMarkBitMap*) 0x00007fd03d8e64c0
 Begin Bits: [0x00007fd01e408000, 0x00007fd01ec08000)
 End Bits:   [0x00007fd01ec08000, 0x00007fd01f408000)

Polling page: 0x00007fd03c4b0000

Metaspace:

Usage:
  Non-class:     47.18 MB used.
      Class:      5.10 MB used.
       Both:     52.29 MB used.

Virtual space:
  Non-class space:       56.00 MB reserved,      47.88 MB ( 85%) committed,  7 nodes.
      Class space:        1.00 GB reserved,       5.56 MB ( <1%) committed,  1 nodes.
             Both:        1.05 GB reserved,      53.44 MB (  5%) committed. 

Chunk freelists:
   Non-Class:  3.95 MB
       Class:  2.35 MB
        Both:  6.30 MB

MaxMetaspaceSize: unlimited
CompressedClassSpaceSize: 1.00 GB
Initial GC threshold: 21.00 MB
Current GC threshold: 89.00 MB
CDS: on
MetaspaceReclaimPolicy: balanced
 - commit_granule_bytes: 65536.
 - commit_granule_words: 8192.
 - virtual_space_node_default_size: 1048576.
 - enlarge_chunks_in_place: 1.
 - new_chunks_are_fully_committed: 0.
 - uncommit_free_chunks: 1.
 - use_allocation_guard: 0.
 - handle_deallocations: 1.


Internal statistics:

num_allocs_failed_limit: 6.
num_arena_births: 464.
num_arena_deaths: 134.
num_vsnodes_births: 8.
num_vsnodes_deaths: 0.
num_space_committed: 854.
num_space_uncommitted: 0.
num_chunks_returned_to_freelist: 186.
num_chunks_taken_from_freelist: 2739.
num_chunk_merges: 82.
num_chunk_splits: 1770.
num_chunks_enlarged: 1084.
num_purges: 10.
num_inconsistent_stats: 0.

CodeHeap 'non-profiled nmethods': size=120036Kb used=2754Kb max_used=2754Kb free=117281Kb
 bounds [0x00007fd026f7a000, 0x00007fd02723a000, 0x00007fd02e4b3000]
CodeHeap 'profiled nmethods': size=120032Kb used=13550Kb max_used=16299Kb free=106481Kb
 bounds [0x00007fd01fa42000, 0x00007fd020a32000, 0x00007fd026f7a000]
CodeHeap 'non-nmethods': size=5692Kb used=1350Kb max_used=1372Kb free=4341Kb
 bounds [0x00007fd01f4b3000, 0x00007fd01f723000, 0x00007fd01fa42000]
 total_blobs=6970 nmethods=6288 adapters=584
 compilation: enabled
              stopped_count=0, restarted_count=0
 full_count=0

JVMCI Events (20 events):
Event: 193.415 Thread 0x00007fd0380b2110 compacted oop handles in JVMCI runtime 0 from 72 to 63
Event: 193.536 Thread 0x00007fd0380b2110 compacted oop handles in JVMCI runtime 0 from 74 to 73
Event: 194.935 Thread 0x00007fd0380b2110 compacted oop handles in JVMCI runtime 0 from 90 to 83
Event: 194.936 Thread 0x00007fd0380b2110 compacted oop handles in JVMCI runtime 0 from 84 to 75
Event: 195.121 Thread 0x00007fd0380b2110 compacted oop handles in JVMCI runtime 0 from 76 to 64
Event: 196.737 Thread 0x00007fd0380b2110 compacted oop handles in JVMCI runtime 0 from 68 to 67
Event: 197.289 Thread 0x00007fd0380b2110 compacted oop handles in JVMCI runtime 0 from 70 to 69
Event: 206.324 Thread 0x00007fd0380b2110 compacted oop handles in JVMCI runtime 0 from 69 to 68
Event: 206.488 Thread 0x00007fd0380b2110 compacted oop handles in JVMCI runtime 0 from 72 to 71
Event: 221.624 Thread 0x00007fd0380b2110 detaching from JVMCI runtime 0: releasing idle compiler thread (0 other threads still attached)
Event: 221.624 Thread 0x00007fd0380b2110 shutting down HotSpotJVMCIRuntime for JVMCI runtime 0
Event: 221.624 Thread 0x00007fd0380b2110 shut down JVMCI runtime 0
Event: 221.630 Thread 0x00007fd0380b2110 destroyed JavaVM[2]@0x00007fcfe319e340 for JVMCI runtime 0
Event: 221.630 Thread 0x00007fd0380b2110 compacted oop handles in JVMCI runtime 0 from 71 to 71
Event: 221.630 Thread 0x00007fd0380b2110 releasing handles for JVMCI runtime 0: oop handles=71, metadata handles={total=1152, live=836, blocks=36}
Event: 221.630 Thread 0x00007fd0380b2110 detached from JVMCI runtime 0
Event: 370.002 Thread 0x00007fd0380b2110 attached to JVMCI runtime 0
Event: 370.009 Thread 0x00007fd0380b2110 created JavaVM[3]@0x00007fcfe319e340 for JVMCI runtime 0
Event: 376.315 Thread 0x00007fd0380b2110 initializing JVMCI runtime 0
Event: 376.315 Thread 0x00007fd0380b2110 done waiting for JavaVM references initialization in JVMCI runtime 0

Compilation events (20 events):
Event: 206.314 Thread 0x00007fd0380b2110 nmethod 9070 0x00007fd027227d90 code [0x00007fd027227fc0, 0x00007fd0272290b0]
Event: 206.315 Thread 0x00007fd0380b2110 9067       4       org.eclipse.jdt.internal.core.index.DiskIndex$IntList::add (67 bytes)
Event: 206.324 Thread 0x00007fd0380b2110 nmethod 9067 0x00007fd027229b90 code [0x00007fd027229d20, 0x00007fd027229fa8]
Event: 206.324 Thread 0x00007fd0380b2110 9058       4       org.eclipse.jdt.internal.core.index.DiskIndex::writeStreamChars (220 bytes)
Event: 206.488 Thread 0x00007fd0380b2110 nmethod 9058 0x00007fd02722a110 code [0x00007fd02722a2a0, 0x00007fd02722a690]
Event: 206.613 Thread 0x00007fd0380b3620 9072       3       java.text.MessageFormat::<init> (56 bytes)
Event: 206.615 Thread 0x00007fd0380b3620 nmethod 9072 0x00007fd01fb37e90 code [0x00007fd01fb38060, 0x00007fd01fb384f0]
Event: 206.615 Thread 0x00007fd0380b3620 9073       3       java.text.Format::format (24 bytes)
Event: 206.618 Thread 0x00007fd0380b3620 nmethod 9073 0x00007fd01ff3c510 code [0x00007fd01ff3c700, 0x00007fd01ff3cc80]
Event: 209.692 Thread 0x00007fd0380b3620 9074       3       java.text.MessageFormat::format (15 bytes)
Event: 209.692 Thread 0x00007fd0380b3620 nmethod 9074 0x00007fd01fb29d10 code [0x00007fd01fb29ec0, 0x00007fd01fb2a090]
Event: 210.192 Thread 0x00007fd0380b3620 9075       3       org.eclipse.jdt.internal.core.util.Messages::bind (6 bytes)
Event: 210.192 Thread 0x00007fd0380b3620 nmethod 9075 0x00007fd01fb0b510 code [0x00007fd01fb0b6c0, 0x00007fd01fb0b8d0]
Event: 370.002 Thread 0x00007fd0380b2110 9077   !   4       org.eclipse.osgi.internal.loader.classpath.ClasspathManager::findLocalClass (210 bytes)
Event: 425.054 Thread 0x00007fd0380b3620 9079 %     3       java.io.DataOutputStream::writeUTF @ 10 (411 bytes)
Event: 425.066 Thread 0x00007fd0380b3620 nmethod 9079% 0x00007fd02040c510 code [0x00007fd02040c8c0, 0x00007fd02040eda0]
Event: 425.066 Thread 0x00007fd0380b3620 9080       3       java.io.DataOutputStream::writeUTF (7 bytes)
Event: 425.067 Thread 0x00007fd0380b3620 nmethod 9080 0x00007fd01fa63090 code [0x00007fd01fa63240, 0x00007fd01fa63380]
Event: 425.067 Thread 0x00007fd0380b3620 9081  s    3       java.io.DataOutputStream::write (16 bytes)
Event: 425.068 Thread 0x00007fd0380b3620 nmethod 9081 0x00007fd01fa46a10 code [0x00007fd01fa46bc0, 0x00007fd01fa47060]

GC Heap History (20 events):
Event: 376.326 GC heap before
{Heap before GC invocations=119 (full 40):
 PSYoungGen      total 50688K, used 37376K [0x00000000f5580000, 0x00000000f9600000, 0x0000000100000000)
  eden space 37376K, 100% used [0x00000000f5580000,0x00000000f7a00000,0x00000000f7a00000)
  from space 13312K, 0% used [0x00000000f7a00000,0x00000000f7a00000,0x00000000f8700000)
  to   space 13312K, 0% used [0x00000000f8880000,0x00000000f8880000,0x00000000f9580000)
 ParOldGen       total 349696K, used 349689K [0x00000000e0000000, 0x00000000f5580000, 0x00000000f5580000)
  object space 349696K, 99% used [0x00000000e0000000,0x00000000f557e4f0,0x00000000f5580000)
 Metaspace       used 53532K, committed 54720K, reserved 1105920K
  class space    used 5221K, committed 5696K, reserved 1048576K
}
Event: 382.429 GC heap after
{Heap after GC invocations=119 (full 40):
 PSYoungGen      total 50688K, used 37375K [0x00000000f5580000, 0x00000000f9600000, 0x0000000100000000)
  eden space 37376K, 99% used [0x00000000f5580000,0x00000000f79fffd0,0x00000000f7a00000)
  from space 13312K, 0% used [0x00000000f8880000,0x00000000f8880000,0x00000000f9580000)
  to   space 13312K, 0% used [0x00000000f7a00000,0x00000000f7a00000,0x00000000f8700000)
 ParOldGen       total 349696K, used 349689K [0x00000000e0000000, 0x00000000f5580000, 0x00000000f5580000)
  object space 349696K, 99% used [0x00000000e0000000,0x00000000f557e4f0,0x00000000f5580000)
 Metaspace       used 53532K, committed 54720K, reserved 1105920K
  class space    used 5221K, committed 5696K, reserved 1048576K
}
Event: 382.429 GC heap before
{Heap before GC invocations=120 (full 41):
 PSYoungGen      total 50688K, used 37375K [0x00000000f5580000, 0x00000000f9600000, 0x0000000100000000)
  eden space 37376K, 99% used [0x00000000f5580000,0x00000000f79fffe8,0x00000000f7a00000)
  from space 13312K, 0% used [0x00000000f8880000,0x00000000f8880000,0x00000000f9580000)
  to   space 13312K, 0% used [0x00000000f7a00000,0x00000000f7a00000,0x00000000f8700000)
 ParOldGen       total 349696K, used 349689K [0x00000000e0000000, 0x00000000f5580000, 0x00000000f5580000)
  object space 349696K, 99% used [0x00000000e0000000,0x00000000f557e4f0,0x00000000f5580000)
 Metaspace       used 53532K, committed 54720K, reserved 1105920K
  class space    used 5221K, committed 5696K, reserved 1048576K
}
Event: 387.351 GC heap after
{Heap after GC invocations=120 (full 41):
 PSYoungGen      total 50688K, used 37375K [0x00000000f5580000, 0x00000000f9600000, 0x0000000100000000)
  eden space 37376K, 99% used [0x00000000f5580000,0x00000000f79fffe8,0x00000000f7a00000)
  from space 13312K, 0% used [0x00000000f7a00000,0x00000000f7a00000,0x00000000f8700000)
  to   space 13312K, 0% used [0x00000000f8880000,0x00000000f8880000,0x00000000f9580000)
 ParOldGen       total 349696K, used 349689K [0x00000000e0000000, 0x00000000f5580000, 0x00000000f5580000)
  object space 349696K, 99% used [0x00000000e0000000,0x00000000f557e4f0,0x00000000f5580000)
 Metaspace       used 53532K, committed 54720K, reserved 1105920K
  class space    used 5221K, committed 5696K, reserved 1048576K
}
Event: 387.370 GC heap before
{Heap before GC invocations=121 (full 42):
 PSYoungGen      total 50688K, used 37376K [0x00000000f5580000, 0x00000000f9600000, 0x0000000100000000)
  eden space 37376K, 100% used [0x00000000f5580000,0x00000000f7a00000,0x00000000f7a00000)
  from space 13312K, 0% used [0x00000000f7a00000,0x00000000f7a00000,0x00000000f8700000)
  to   space 13312K, 0% used [0x00000000f8880000,0x00000000f8880000,0x00000000f9580000)
 ParOldGen       total 349696K, used 349693K [0x00000000e0000000, 0x00000000f5580000, 0x00000000f5580000)
  object space 349696K, 99% used [0x00000000e0000000,0x00000000f557f6c8,0x00000000f5580000)
 Metaspace       used 53538K, committed 54720K, reserved 1105920K
  class space    used 5222K, committed 5696K, reserved 1048576K
}
Event: 394.715 GC heap after
{Heap after GC invocations=121 (full 42):
 PSYoungGen      total 50688K, used 37375K [0x00000000f5580000, 0x00000000f9600000, 0x0000000100000000)
  eden space 37376K, 99% used [0x00000000f5580000,0x00000000f79fffb0,0x00000000f7a00000)
  from space 13312K, 0% used [0x00000000f8880000,0x00000000f8880000,0x00000000f9580000)
  to   space 13312K, 0% used [0x00000000f7a00000,0x00000000f7a00000,0x00000000f8700000)
 ParOldGen       total 349696K, used 349685K [0x00000000e0000000, 0x00000000f5580000, 0x00000000f5580000)
  object space 349696K, 99% used [0x00000000e0000000,0x00000000f557d600,0x00000000f5580000)
 Metaspace       used 53538K, committed 54720K, reserved 1105920K
  class space    used 5222K, committed 5696K, reserved 1048576K
}
Event: 394.715 GC heap before
{Heap before GC invocations=122 (full 43):
 PSYoungGen      total 50688K, used 37375K [0x00000000f5580000, 0x00000000f9600000, 0x0000000100000000)
  eden space 37376K, 99% used [0x00000000f5580000,0x00000000f79fffc8,0x00000000f7a00000)
  from space 13312K, 0% used [0x00000000f8880000,0x00000000f8880000,0x00000000f9580000)
  to   space 13312K, 0% used [0x00000000f7a00000,0x00000000f7a00000,0x00000000f8700000)
 ParOldGen       total 349696K, used 349685K [0x00000000e0000000, 0x00000000f5580000, 0x00000000f5580000)
  object space 349696K, 99% used [0x00000000e0000000,0x00000000f557d600,0x00000000f5580000)
 Metaspace       used 53538K, committed 54720K, reserved 1105920K
  class space    used 5222K, committed 5696K, reserved 1048576K
}
Event: 403.462 GC heap after
{Heap after GC invocations=122 (full 43):
 PSYoungGen      total 50688K, used 37375K [0x00000000f5580000, 0x00000000f9600000, 0x0000000100000000)
  eden space 37376K, 99% used [0x00000000f5580000,0x00000000f79fffb0,0x00000000f7a00000)
  from space 13312K, 0% used [0x00000000f7a00000,0x00000000f7a00000,0x00000000f8700000)
  to   space 13312K, 0% used [0x00000000f8880000,0x00000000f8880000,0x00000000f9580000)
 ParOldGen       total 349696K, used 349685K [0x00000000e0000000, 0x00000000f5580000, 0x00000000f5580000)
  object space 349696K, 99% used [0x00000000e0000000,0x00000000f557d5e0,0x00000000f5580000)
 Metaspace       used 53538K, committed 54720K, reserved 1105920K
  class space    used 5222K, committed 5696K, reserved 1048576K
}
Event: 403.465 GC heap before
{Heap before GC invocations=123 (full 44):
 PSYoungGen      total 50688K, used 37375K [0x00000000f5580000, 0x00000000f9600000, 0x0000000100000000)
  eden space 37376K, 99% used [0x00000000f5580000,0x00000000f79ffff8,0x00000000f7a00000)
  from space 13312K, 0% used [0x00000000f7a00000,0x00000000f7a00000,0x00000000f8700000)
  to   space 13312K, 0% used [0x00000000f8880000,0x00000000f8880000,0x00000000f9580000)
 ParOldGen       total 349696K, used 349685K [0x00000000e0000000, 0x00000000f5580000, 0x00000000f5580000)
  object space 349696K, 99% used [0x00000000e0000000,0x00000000f557d5e0,0x00000000f5580000)
 Metaspace       used 53538K, committed 54720K, reserved 1105920K
  class space    used 5222K, committed 5696K, reserved 1048576K
}
Event: 411.292 GC heap after
{Heap after GC invocations=123 (full 44):
 PSYoungGen      total 50688K, used 37375K [0x00000000f5580000, 0x00000000f9600000, 0x0000000100000000)
  eden space 37376K, 99% used [0x00000000f5580000,0x00000000f79ffff8,0x00000000f7a00000)
  from space 13312K, 0% used [0x00000000f8880000,0x00000000f8880000,0x00000000f9580000)
  to   space 13312K, 0% used [0x00000000f7a00000,0x00000000f7a00000,0x00000000f8700000)
 ParOldGen       total 349696K, used 349685K [0x00000000e0000000, 0x00000000f5580000, 0x00000000f5580000)
  object space 349696K, 99% used [0x00000000e0000000,0x00000000f557d5e0,0x00000000f5580000)
 Metaspace       used 53538K, committed 54720K, reserved 1105920K
  class space    used 5222K, committed 5696K, reserved 1048576K
}
Event: 411.295 GC heap before
{Heap before GC invocations=124 (full 45):
 PSYoungGen      total 50688K, used 37375K [0x00000000f5580000, 0x00000000f9600000, 0x0000000100000000)
  eden space 37376K, 99% used [0x00000000f5580000,0x00000000f79ffff8,0x00000000f7a00000)
  from space 13312K, 0% used [0x00000000f8880000,0x00000000f8880000,0x00000000f9580000)
  to   space 13312K, 0% used [0x00000000f7a00000,0x00000000f7a00000,0x00000000f8700000)
 ParOldGen       total 349696K, used 349695K [0x00000000e0000000, 0x00000000f5580000, 0x00000000f5580000)
  object space 349696K, 99% used [0x00000000e0000000,0x00000000f557ff30,0x00000000f5580000)
 Metaspace       used 53538K, committed 54720K, reserved 1105920K
  class space    used 5222K, committed 5696K, reserved 1048576K
}
Event: 416.404 GC heap after
{Heap after GC invocations=124 (full 45):
 PSYoungGen      total 50688K, used 37375K [0x00000000f5580000, 0x00000000f9600000, 0x0000000100000000)
  eden space 37376K, 99% used [0x00000000f5580000,0x00000000f79fff98,0x00000000f7a00000)
  from space 13312K, 0% used [0x00000000f7a00000,0x00000000f7a00000,0x00000000f8700000)
  to   space 13312K, 0% used [0x00000000f8880000,0x00000000f8880000,0x00000000f9580000)
 ParOldGen       total 349696K, used 349689K [0x00000000e0000000, 0x00000000f5580000, 0x00000000f5580000)
  object space 349696K, 99% used [0x00000000e0000000,0x00000000f557e7b0,0x00000000f5580000)
 Metaspace       used 53538K, committed 54720K, reserved 1105920K
  class space    used 5222K, committed 5696K, reserved 1048576K
}
Event: 416.424 GC heap before
{Heap before GC invocations=125 (full 46):
 PSYoungGen      total 50688K, used 37375K [0x00000000f5580000, 0x00000000f9600000, 0x0000000100000000)
  eden space 37376K, 99% used [0x00000000f5580000,0x00000000f79ffff8,0x00000000f7a00000)
  from space 13312K, 0% used [0x00000000f7a00000,0x00000000f7a00000,0x00000000f8700000)
  to   space 13312K, 0% used [0x00000000f8880000,0x00000000f8880000,0x00000000f9580000)
 ParOldGen       total 349696K, used 349689K [0x00000000e0000000, 0x00000000f5580000, 0x00000000f5580000)
  object space 349696K, 99% used [0x00000000e0000000,0x00000000f557e7b0,0x00000000f5580000)
 Metaspace       used 53538K, committed 54720K, reserved 1105920K
  class space    used 5222K, committed 5696K, reserved 1048576K
}
Event: 420.626 GC heap after
{Heap after GC invocations=125 (full 46):
 PSYoungGen      total 50688K, used 37375K [0x00000000f5580000, 0x00000000f9600000, 0x0000000100000000)
  eden space 37376K, 99% used [0x00000000f5580000,0x00000000f79fff98,0x00000000f7a00000)
  from space 13312K, 0% used [0x00000000f8880000,0x00000000f8880000,0x00000000f9580000)
  to   space 13312K, 0% used [0x00000000f7a00000,0x00000000f7a00000,0x00000000f8700000)
 ParOldGen       total 349696K, used 349689K [0x00000000e0000000, 0x00000000f5580000, 0x00000000f5580000)
  object space 349696K, 99% used [0x00000000e0000000,0x00000000f557e7b0,0x00000000f5580000)
 Metaspace       used 53538K, committed 54720K, reserved 1105920K
  class space    used 5222K, committed 5696K, reserved 1048576K
}
Event: 420.639 GC heap before
{Heap before GC invocations=126 (full 47):
 PSYoungGen      total 50688K, used 37376K [0x00000000f5580000, 0x00000000f9600000, 0x0000000100000000)
  eden space 37376K, 100% used [0x00000000f5580000,0x00000000f7a00000,0x00000000f7a00000)
  from space 13312K, 0% used [0x00000000f8880000,0x00000000f8880000,0x00000000f9580000)
  to   space 13312K, 0% used [0x00000000f7a00000,0x00000000f7a00000,0x00000000f8700000)
 ParOldGen       total 349696K, used 349689K [0x00000000e0000000, 0x00000000f5580000, 0x00000000f5580000)
  object space 349696K, 99% used [0x00000000e0000000,0x00000000f557e7b0,0x00000000f5580000)
 Metaspace       used 53538K, committed 54720K, reserved 1105920K
  class space    used 5222K, committed 5696K, reserved 1048576K
}
Event: 425.049 GC heap after
{Heap after GC invocations=126 (full 47):
 PSYoungGen      total 50688K, used 37375K [0x00000000f5580000, 0x00000000f9600000, 0x0000000100000000)
  eden space 37376K, 99% used [0x00000000f5580000,0x00000000f79fffb0,0x00000000f7a00000)
  from space 13312K, 0% used [0x00000000f7a00000,0x00000000f7a00000,0x00000000f8700000)
  to   space 13312K, 0% used [0x00000000f8880000,0x00000000f8880000,0x00000000f9580000)
 ParOldGen       total 349696K, used 349689K [0x00000000e0000000, 0x00000000f5580000, 0x00000000f5580000)
  object space 349696K, 99% used [0x00000000e0000000,0x00000000f557e7b0,0x00000000f5580000)
 Metaspace       used 53538K, committed 54720K, reserved 1105920K
  class space    used 5222K, committed 5696K, reserved 1048576K
}
Event: 425.074 GC heap before
{Heap before GC invocations=127 (full 48):
 PSYoungGen      total 50688K, used 37376K [0x00000000f5580000, 0x00000000f9600000, 0x0000000100000000)
  eden space 37376K, 100% used [0x00000000f5580000,0x00000000f7a00000,0x00000000f7a00000)
  from space 13312K, 0% used [0x00000000f7a00000,0x00000000f7a00000,0x00000000f8700000)
  to   space 13312K, 0% used [0x00000000f8880000,0x00000000f8880000,0x00000000f9580000)
 ParOldGen       total 349696K, used 349694K [0x00000000e0000000, 0x00000000f5580000, 0x00000000f5580000)
  object space 349696K, 99% used [0x00000000e0000000,0x00000000f557fb78,0x00000000f5580000)
 Metaspace       used 53539K, committed 54720K, reserved 1105920K
  class space    used 5222K, committed 5696K, reserved 1048576K
}
Event: 428.556 GC heap after
{Heap after GC invocations=127 (full 48):
 PSYoungGen      total 50688K, used 37375K [0x00000000f5580000, 0x00000000f9600000, 0x0000000100000000)
  eden space 37376K, 99% used [0x00000000f5580000,0x00000000f79fffc0,0x00000000f7a00000)
  from space 13312K, 0% used [0x00000000f8880000,0x00000000f8880000,0x00000000f9580000)
  to   space 13312K, 0% used [0x00000000f7a00000,0x00000000f7a00000,0x00000000f8700000)
 ParOldGen       total 349696K, used 349693K [0x00000000e0000000, 0x00000000f5580000, 0x00000000f5580000)
  object space 349696K, 99% used [0x00000000e0000000,0x00000000f557f698,0x00000000f5580000)
 Metaspace       used 53539K, committed 54720K, reserved 1105920K
  class space    used 5222K, committed 5696K, reserved 1048576K
}
Event: 428.556 GC heap before
{Heap before GC invocations=128 (full 49):
 PSYoungGen      total 50688K, used 37375K [0x00000000f5580000, 0x00000000f9600000, 0x0000000100000000)
  eden space 37376K, 99% used [0x00000000f5580000,0x00000000f79fffc0,0x00000000f7a00000)
  from space 13312K, 0% used [0x00000000f8880000,0x00000000f8880000,0x00000000f9580000)
  to   space 13312K, 0% used [0x00000000f7a00000,0x00000000f7a00000,0x00000000f8700000)
 ParOldGen       total 349696K, used 349693K [0x00000000e0000000, 0x00000000f5580000, 0x00000000f5580000)
  object space 349696K, 99% used [0x00000000e0000000,0x00000000f557f698,0x00000000f5580000)
 Metaspace       used 53539K, committed 54720K, reserved 1105920K
  class space    used 5222K, committed 5696K, reserved 1048576K
}
Event: 430.784 GC heap after
{Heap after GC invocations=128 (full 49):
 PSYoungGen      total 50688K, used 37375K [0x00000000f5580000, 0x00000000f9600000, 0x0000000100000000)
  eden space 37376K, 99% used [0x00000000f5580000,0x00000000f79fffc0,0x00000000f7a00000)
  from space 13312K, 0% used [0x00000000f7a00000,0x00000000f7a00000,0x00000000f8700000)
  to   space 13312K, 0% used [0x00000000f8880000,0x00000000f8880000,0x00000000f9580000)
 ParOldGen       total 349696K, used 349693K [0x00000000e0000000, 0x00000000f5580000, 0x00000000f5580000)
  object space 349696K, 99% used [0x00000000e0000000,0x00000000f557f698,0x00000000f5580000)
 Metaspace       used 53539K, committed 54720K, reserved 1105920K
  class space    used 5222K, committed 5696K, reserved 1048576K
}

Dll operation events (8 events):
Event: 0.004 Loaded shared library /nix/store/gpxl5qgg8kicmcvivwmybwjlpf7wh20l-graalvm17-ce-22.3.0/lib/libjava.so
Event: 0.014 Loaded shared library /nix/store/gpxl5qgg8kicmcvivwmybwjlpf7wh20l-graalvm17-ce-22.3.0/lib/libjsvml.so
Event: 0.525 Loaded shared library /nix/store/gpxl5qgg8kicmcvivwmybwjlpf7wh20l-graalvm17-ce-22.3.0/lib/libnio.so
Event: 0.589 Loaded shared library /nix/store/gpxl5qgg8kicmcvivwmybwjlpf7wh20l-graalvm17-ce-22.3.0/lib/libzip.so
Event: 0.596 Loaded shared library /nix/store/gpxl5qgg8kicmcvivwmybwjlpf7wh20l-graalvm17-ce-22.3.0/lib/libjvmcicompiler.so
Event: 1.618 Loaded shared library /nix/store/gpxl5qgg8kicmcvivwmybwjlpf7wh20l-graalvm17-ce-22.3.0/lib/libjimage.so
Event: 5.537 Loaded shared library /nix/store/gpxl5qgg8kicmcvivwmybwjlpf7wh20l-graalvm17-ce-22.3.0/lib/libnet.so
Event: 8.192 Loaded shared library /home/runner/.cache/jdt-language-server/config/org.eclipse.equinox.launcher/org.eclipse.equinox.launcher.gtk.linux.x86_64_1.2.400.v20211117-0650/eclipse_11600.so

Deoptimization events (20 events):
Event: 197.448 Thread 0x00007fcfcc641160 DEOPT PACKING pc=0x00007fd0203f5d85 sp=0x00007fcfe39fe530
Event: 197.448 Thread 0x00007fcfcc641160 DEOPT UNPACKING pc=0x00007fd01f505325 sp=0x00007fcfe39fda20 mode 0
Event: 197.502 Thread 0x00007fcfcc641160 DEOPT PACKING pc=0x00007fd0203f5d85 sp=0x00007fcfe39fe530
Event: 197.502 Thread 0x00007fcfcc641160 DEOPT UNPACKING pc=0x00007fd01f505325 sp=0x00007fcfe39fda20 mode 0
Event: 197.524 Thread 0x00007fcfcc641160 DEOPT PACKING pc=0x00007fd0203f5d85 sp=0x00007fcfe39fe530
Event: 197.524 Thread 0x00007fcfcc641160 DEOPT UNPACKING pc=0x00007fd01f505325 sp=0x00007fcfe39fda20 mode 0
Event: 197.550 Thread 0x00007fcfcc641160 DEOPT PACKING pc=0x00007fd0203f5d85 sp=0x00007fcfe39fe530
Event: 197.550 Thread 0x00007fcfcc641160 DEOPT UNPACKING pc=0x00007fd01f505325 sp=0x00007fcfe39fda20 mode 0
Event: 197.553 Thread 0x00007fcfcc641160 DEOPT PACKING pc=0x00007fd0203f5d85 sp=0x00007fcfe39fe530
Event: 197.553 Thread 0x00007fcfcc641160 DEOPT UNPACKING pc=0x00007fd01f505325 sp=0x00007fcfe39fda20 mode 0
Event: 197.629 Thread 0x00007fcfcc641160 DEOPT PACKING pc=0x00007fd0203f5d85 sp=0x00007fcfe39fe530
Event: 197.629 Thread 0x00007fcfcc641160 DEOPT UNPACKING pc=0x00007fd01f505325 sp=0x00007fcfe39fda20 mode 0
Event: 206.189 Thread 0x00007fcfcc641160 DEOPT PACKING pc=0x00007fd0203f5d85 sp=0x00007fcfe39fe530
Event: 206.189 Thread 0x00007fcfcc641160 DEOPT UNPACKING pc=0x00007fd01f505325 sp=0x00007fcfe39fda20 mode 0
Event: 206.205 Thread 0x00007fcfcc641160 DEOPT PACKING pc=0x00007fd0203f5d85 sp=0x00007fcfe39fe530
Event: 206.205 Thread 0x00007fcfcc641160 DEOPT UNPACKING pc=0x00007fd01f505325 sp=0x00007fcfe39fda20 mode 0
Event: 206.210 Thread 0x00007fcfcc641160 DEOPT PACKING pc=0x00007fd0203f5d85 sp=0x00007fcfe39fe530
Event: 206.210 Thread 0x00007fcfcc641160 DEOPT UNPACKING pc=0x00007fd01f505325 sp=0x00007fcfe39fda20 mode 0
Event: 206.213 Thread 0x00007fcfcc641160 DEOPT PACKING pc=0x00007fd0203f5d85 sp=0x00007fcfe39fe530
Event: 206.213 Thread 0x00007fcfcc641160 DEOPT UNPACKING pc=0x00007fd01f505325 sp=0x00007fcfe39fda20 mode 0

Classes unloaded (20 events):
Event: 217.191 Thread 0x00007fd0380a1b40 Unloading class 0x0000000800d90800 'java/lang/invoke/LambdaForm$MH+0x0000000800d90800'
Event: 217.191 Thread 0x00007fd0380a1b40 Unloading class 0x0000000800d90400 'java/lang/invoke/LambdaForm$MH+0x0000000800d90400'
Event: 217.191 Thread 0x00007fd0380a1b40 Unloading class 0x0000000800d90000 'java/lang/invoke/LambdaForm$MH+0x0000000800d90000'
Event: 217.191 Thread 0x00007fd0380a1b40 Unloading class 0x0000000800cb2400 'java/lang/invoke/LambdaForm$MH+0x0000000800cb2400'
Event: 217.191 Thread 0x00007fd0380a1b40 Unloading class 0x0000000800cb1c00 'java/lang/invoke/LambdaForm$MH+0x0000000800cb1c00'
Event: 217.191 Thread 0x00007fd0380a1b40 Unloading class 0x0000000800cb1800 'java/lang/invoke/LambdaForm$MH+0x0000000800cb1800'
Event: 217.191 Thread 0x00007fd0380a1b40 Unloading class 0x0000000800cb1400 'java/lang/invoke/LambdaForm$MH+0x0000000800cb1400'
Event: 217.191 Thread 0x00007fd0380a1b40 Unloading class 0x0000000800cb0c00 'java/lang/invoke/LambdaForm$MH+0x0000000800cb0c00'
Event: 217.191 Thread 0x00007fd0380a1b40 Unloading class 0x0000000800cb0800 'java/lang/invoke/LambdaForm$MH+0x0000000800cb0800'
Event: 217.191 Thread 0x00007fd0380a1b40 Unloading class 0x0000000800cb0400 'java/lang/invoke/LambdaForm$MH+0x0000000800cb0400'
Event: 217.191 Thread 0x00007fd0380a1b40 Unloading class 0x0000000800caa400 'java/lang/invoke/LambdaForm$MH+0x0000000800caa400'
Event: 220.359 Thread 0x00007fd0380a1b40 Unloading class 0x0000000801091400 'jdk/internal/reflect/GeneratedMethodAccessor12'
Event: 220.359 Thread 0x00007fd0380a1b40 Unloading class 0x0000000801091000 'jdk/internal/reflect/GeneratedMethodAccessor11'
Event: 220.359 Thread 0x00007fd0380a1b40 Unloading class 0x0000000801084800 'jdk/internal/reflect/GeneratedMethodAccessor9'
Event: 220.359 Thread 0x00007fd0380a1b40 Unloading class 0x0000000800e0cc00 'jdk/internal/reflect/GeneratedMethodAccessor7'
Event: 233.782 Thread 0x00007fd0380a1b40 Unloading class 0x0000000800e0dc00 'jdk/internal/reflect/GeneratedMethodAccessor8'
Event: 257.496 Thread 0x00007fd0380a1b40 Unloading class 0x00000008011b8000 'jdk/internal/reflect/GeneratedMethodAccessor14'
Event: 257.496 Thread 0x00007fd0380a1b40 Unloading class 0x0000000801138c00 'jdk/internal/reflect/GeneratedConstructorAccessor24'
Event: 257.496 Thread 0x00007fd0380a1b40 Unloading class 0x0000000801084c00 'jdk/internal/reflect/GeneratedMethodAccessor10'
Event: 257.496 Thread 0x00007fd0380a1b40 Unloading class 0x0000000800ffc800 'jdk/internal/reflect/GeneratedConstructorAccessor14'

Classes redefined (0 events):
No events

Internal exceptions (20 events):
Event: 104.811 Thread 0x00007fcfa4188fc0 Exception <a 'java/lang/ArrayIndexOutOfBoundsException'{0x00000000f5fcc998}: Index 17 out of bounds for length 17> (0x00000000f5fcc998) 
thrown [src/hotspot/share/interpreter/interpreterRuntime.cpp, line 428]
Event: 104.811 Thread 0x00007fcfa4188fc0 Exception <a 'java/lang/ArrayIndexOutOfBoundsException'{0x00000000f5fccf88}: Index 17 out of bounds for length 17> (0x00000000f5fccf88) 
thrown [src/hotspot/share/interpreter/interpreterRuntime.cpp, line 428]
Event: 104.811 Thread 0x00007fcfa4188fc0 Exception <a 'java/lang/ArrayIndexOutOfBoundsException'{0x00000000f5fcd590}: Index 17 out of bounds for length 17> (0x00000000f5fcd590) 
thrown [src/hotspot/share/interpreter/interpreterRuntime.cpp, line 428]
Event: 104.811 Thread 0x00007fcfa4188fc0 Exception <a 'java/lang/ArrayIndexOutOfBoundsException'{0x00000000f5fcdcf0}: Index 17 out of bounds for length 17> (0x00000000f5fcdcf0) 
thrown [src/hotspot/share/interpreter/interpreterRuntime.cpp, line 428]
Event: 104.811 Thread 0x00007fcfa4188fc0 Exception <a 'java/lang/ArrayIndexOutOfBoundsException'{0x00000000f5fce3f0}: Index 17 out of bounds for length 17> (0x00000000f5fce3f0) 
thrown [src/hotspot/share/interpreter/interpreterRuntime.cpp, line 428]
Event: 104.889 Thread 0x00007fcfa4188fc0 Exception <a 'java/lang/ArrayIndexOutOfBoundsException'{0x00000000f5fce9d8}: Index 17 out of bounds for length 17> (0x00000000f5fce9d8) 
thrown [src/hotspot/share/interpreter/interpreterRuntime.cpp, line 428]
Event: 107.001 Thread 0x00007fcfa4186f10 Exception <a 'java/lang/ArrayIndexOutOfBoundsException'{0x00000000f5df9a90}: Index 22 out of bounds for length 22> (0x00000000f5df9a90) 
thrown [src/hotspot/share/interpreter/interpreterRuntime.cpp, line 428]
Event: 107.001 Thread 0x00007fcfa4186f10 Exception <a 'java/lang/ArrayIndexOutOfBoundsException'{0x00000000f5dfa050}: Index 22 out of bounds for length 22> (0x00000000f5dfa050) 
thrown [src/hotspot/share/interpreter/interpreterRuntime.cpp, line 428]
Event: 107.990 Thread 0x00007fcfa4186f10 Exception <a 'java/lang/ArrayIndexOutOfBoundsException'{0x00000000f5823f28}: Index 28 out of bounds for length 28> (0x00000000f5823f28) 
thrown [src/hotspot/share/interpreter/interpreterRuntime.cpp, line 428]
Event: 107.990 Thread 0x00007fcfa4186f10 Exception <a 'java/lang/ArrayIndexOutOfBoundsException'{0x00000000f58245e8}: Index 28 out of bounds for length 28> (0x00000000f58245e8) 
thrown [src/hotspot/share/interpreter/interpreterRuntime.cpp, line 428]
Event: 107.991 Thread 0x00007fcfa4186f10 Exception <a 'java/lang/ArrayIndexOutOfBoundsException'{0x00000000f5824a90}: Index 28 out of bounds for length 28> (0x00000000f5824a90) 
thrown [src/hotspot/share/interpreter/interpreterRuntime.cpp, line 428]
Event: 108.299 Thread 0x00007fcfa419e490 Exception <a 'java/lang/ArrayIndexOutOfBoundsException'{0x00000000f5e7dc28}: Index 29 out of bounds for length 29> (0x00000000f5e7dc28) 
thrown [src/hotspot/share/interpreter/interpreterRuntime.cpp, line 428]
Event: 108.299 Thread 0x00007fcfa419e490 Exception <a 'java/lang/ArrayIndexOutOfBoundsException'{0x00000000f5e7e2e8}: Index 29 out of bounds for length 29> (0x00000000f5e7e2e8) 
thrown [src/hotspot/share/interpreter/interpreterRuntime.cpp, line 428]
Event: 108.299 Thread 0x00007fcfa419e490 Exception <a 'java/lang/ArrayIndexOutOfBoundsException'{0x00000000f5e7e790}: Index 29 out of bounds for length 29> (0x00000000f5e7e790) 
thrown [src/hotspot/share/interpreter/interpreterRuntime.cpp, line 428]
Event: 108.689 Thread 0x00007fcfa419e490 Exception <a 'java/lang/ArrayIndexOutOfBoundsException'{0x00000000f66839c0}: Index 32 out of bounds for length 32> (0x00000000f66839c0) 
thrown [src/hotspot/share/interpreter/interpreterRuntime.cpp, line 428]
Event: 108.690 Thread 0x00007fcfa419e490 Exception <a 'java/lang/ArrayIndexOutOfBoundsException'{0x00000000f6684088}: Index 32 out of bounds for length 32> (0x00000000f6684088) 
thrown [src/hotspot/share/interpreter/interpreterRuntime.cpp, line 428]
Event: 108.690 Thread 0x00007fcfa419e490 Exception <a 'java/lang/ArrayIndexOutOfBoundsException'{0x00000000f6684530}: Index 32 out of bounds for length 32> (0x00000000f6684530) 
thrown [src/hotspot/share/interpreter/interpreterRuntime.cpp, line 428]
Event: 112.102 Thread 0x00007fcfa419e490 Exception <a 'java/io/FileNotFoundException'{0x00000000f561dfc8}> (0x00000000f561dfc8) 
thrown [src/hotspot/share/prims/jni.cpp, line 516]
Event: 146.419 Thread 0x00007fcfcc641160 Implicit null exception at 0x00007fd0271c4615 to 0x00007fd0271c4cfe
Event: 430.784 Thread 0x00007fd0380b2110 Exception <a 'java/lang/OutOfMemoryError'{0x00000000e00cd260}> (0x00000000e00cd260) 
thrown [src/hotspot/share/gc/shared/memAllocator.cpp, line 136]

VM Operations (20 events):
Event: 376.321 Executing VM operation: ParallelGCFailedAllocation done
Event: 376.322 Executing VM operation: ParallelGCFailedAllocation
Event: 382.429 Executing VM operation: ParallelGCFailedAllocation done
Event: 382.429 Executing VM operation: ParallelGCFailedAllocation
Event: 387.351 Executing VM operation: ParallelGCFailedAllocation done
Event: 387.354 Executing VM operation: ParallelGCFailedAllocation
Event: 394.715 Executing VM operation: ParallelGCFailedAllocation done
Event: 394.715 Executing VM operation: ParallelGCFailedAllocation
Event: 403.462 Executing VM operation: ParallelGCFailedAllocation done
Event: 403.463 Executing VM operation: ParallelGCFailedAllocation
Event: 411.292 Executing VM operation: ParallelGCFailedAllocation done
Event: 411.292 Executing VM operation: ParallelGCFailedAllocation
Event: 416.408 Executing VM operation: ParallelGCFailedAllocation done
Event: 416.415 Executing VM operation: ParallelGCFailedAllocation
Event: 420.627 Executing VM operation: ParallelGCFailedAllocation done
Event: 420.639 Executing VM operation: ParallelGCFailedAllocation
Event: 425.049 Executing VM operation: ParallelGCFailedAllocation done
Event: 425.070 Executing VM operation: ParallelGCFailedAllocation
Event: 430.784 Executing VM operation: ParallelGCFailedAllocation done
Event: 430.784 Executing VM operation: ParallelGCFailedAllocation

Events (20 events):
Event: 121.304 Thread 0x00007fd0380b4a70 flushing nmethod 0x00007fd020878410
Event: 121.304 Thread 0x00007fd0380b4a70 flushing nmethod 0x00007fd02087b610
Event: 121.304 Thread 0x00007fd0380b4a70 flushing nmethod 0x00007fd02087bd90
Event: 121.304 Thread 0x00007fd0380b4a70 flushing nmethod 0x00007fd02087eb10
Event: 121.304 Thread 0x00007fd0380b4a70 flushing nmethod 0x00007fd020882090
Event: 121.304 Thread 0x00007fd0380b4a70 flushing nmethod 0x00007fd020882910
Event: 121.304 Thread 0x00007fd0380b4a70 flushing nmethod 0x00007fd020882d90
Event: 121.304 Thread 0x00007fd0380b4a70 flushing nmethod 0x00007fd020884990
Event: 121.304 Thread 0x00007fd0380b4a70 flushing nmethod 0x00007fd020885590
Event: 121.304 Thread 0x00007fd0380b4a70 flushing nmethod 0x00007fd020887010
Event: 121.305 Thread 0x00007fd0380b4a70 flushing nmethod 0x00007fd0208ab110
Event: 121.305 Thread 0x00007fd0380b4a70 flushing nmethod 0x00007fd0208b1f10
Event: 121.305 Thread 0x00007fd0380b4a70 flushing nmethod 0x00007fd0208b2410
Event: 121.305 Thread 0x00007fd0380b4a70 flushing nmethod 0x00007fd0208bd890
Event: 121.305 Thread 0x00007fd0380b4a70 flushing nmethod 0x00007fd0208d5910
Event: 121.305 Thread 0x00007fd0380b4a70 flushing nmethod 0x00007fd0208dea10
Event: 121.306 Thread 0x00007fd0380b4a70 flushing nmethod 0x00007fd020980e10
Event: 173.627 Thread 0x00007fcfc0000ff0 Thread exited: 0x00007fcfc0000ff0
Event: 174.593 Thread 0x00007fcfb42df220 Thread exited: 0x00007fcfb42df220
Event: 175.606 Thread 0x00007fd0380b4a70 flushing nmethod 0x00007fd0203de110


Dynamic libraries:
e0000000-f5580000 rw-p 00000000 00:00 0 
f5580000-f9600000 rw-p 00000000 00:00 0 
f9600000-100000000 ---p 00000000 00:00 0 
800000000-800449000 rw-p 00001000 00:508 4611686019135357769             /nix/store/gpxl5qgg8kicmcvivwmybwjlpf7wh20l-graalvm17-ce-22.3.0/lib/server/classes.jsa
800449000-800bc8000 r--p 0044a000 00:508 4611686019135357769             /nix/store/gpxl5qgg8kicmcvivwmybwjlpf7wh20l-graalvm17-ce-22.3.0/lib/server/classes.jsa
800bc8000-800c00000 ---p 00000000 00:00 0 
800c00000-800c20000 rw-p 00000000 00:00 0 
800c20000-800c40000 rw-p 00000000 00:00 0 
800c40000-800cc0000 rw-p 00000000 00:00 0 
800cc0000-800d00000 rw-p 00000000 00:00 0 
800d00000-800dc0000 rw-p 00000000 00:00 0 
800dc0000-800e00000 rw-p 00000000 00:00 0 
800e00000-801140000 rw-p 00000000 00:00 0 
801140000-801150000 rw-p 00000000 00:00 0 
801150000-801180000 ---p 00000000 00:00 0 
801180000-8011c0000 rw-p 00000000 00:00 0 
8011c0000-840c00000 ---p 00000000 00:00 0 
55bcde483000-55bcde484000 r-xp 00000000 00:508 4611686019099417844       /nix/store/gpxl5qgg8kicmcvivwmybwjlpf7wh20l-graalvm17-ce-22.3.0/bin/.java-wrapped
55bcde485000-55bcde486000 r--p 00001000 00:508 4611686019099417844       /nix/store/gpxl5qgg8kicmcvivwmybwjlpf7wh20l-graalvm17-ce-22.3.0/bin/.java-wrapped
55bcde486000-55bcde487000 rw-p 00002000 00:508 4611686019099417844       /nix/store/gpxl5qgg8kicmcvivwmybwjlpf7wh20l-graalvm17-ce-22.3.0/bin/.java-wrapped
55bcde487000-55bcde488000 rw-p 00004000 00:508 4611686019099417844       /nix/store/gpxl5qgg8kicmcvivwmybwjlpf7wh20l-graalvm17-ce-22.3.0/bin/.java-wrapped
55bcde488000-55bcde489000 rw-p 00005000 00:508 4611686019099417844       /nix/store/gpxl5qgg8kicmcvivwmybwjlpf7wh20l-graalvm17-ce-22.3.0/bin/.java-wrapped
55bcdfedb000-55bcdff23000 rw-p 00000000 00:00 0                          [heap]
7fcf8c000000-7fcf8c1e2000 rw-p 00000000 00:00 0 
7fcf8c1e2000-7fcf90000000 ---p 00000000 00:00 0 
7fcf94000000-7fcf940ea000 rw-p 00000000 00:00 0 
7fcf940ea000-7fcf98000000 ---p 00000000 00:00 0 
7fcf9a4b3000-7fcfa4000000 r--s 00000000 00:508 4611686019135192581       /nix/store/gpxl5qgg8kicmcvivwmybwjlpf7wh20l-graalvm17-ce-22.3.0/lib/modules
7fcfa4000000-7fcfa41c2000 rw-p 00000000 00:00 0 
7fcfa41c2000-7fcfa8000000 ---p 00000000 00:00 0 
7fcfa8000000-7fcfa8021000 rw-p 00000000 00:00 0 
7fcfa8021000-7fcfac000000 ---p 00000000 00:00 0 
7fcfac000000-7fcfac021000 rw-p 00000000 00:00 0 
7fcfac021000-7fcfb0000000 ---p 00000000 00:00 0 
7fcfb1400000-7fcfb1c00000 rw-p 00000000 00:00 0 
7fcfb1c00000-7fcfb2100000 rw-p 00000000 00:00 0 
7fcfb2100000-7fcfb21a0000 rw-p 00000000 00:00 0 
7fcfb21a0000-7fcfb2200000 ---p 00000000 00:00 0 
7fcfb2200000-7fcfb2400000 rw-p 00000000 00:00 0 
7fcfb2400000-7fcfb2500000 rw-p 00000000 00:00 0 
7fcfb2500000-7fcfb2600000 rw-p 00000000 00:00 0 
7fcfb2600000-7fcfb2c00000 rw-p 00000000 00:00 0 
7fcfb3400000-7fcfb3440000 rw-p 00000000 00:00 0 
7fcfb3440000-7fcfb3c00000 ---p 00000000 00:00 0 
7fcfb4000000-7fcfb42f9000 rw-p 00000000 00:00 0 
7fcfb42f9000-7fcfb8000000 ---p 00000000 00:00 0 
7fcfb8000000-7fcfb8023000 rw-p 00000000 00:00 0 
7fcfb8023000-7fcfbc000000 ---p 00000000 00:00 0 
7fcfbc000000-7fcfbc283000 rw-p 00000000 00:00 0 
7fcfbc283000-7fcfc0000000 ---p 00000000 00:00 0 
7fcfc0000000-7fcfc017f000 rw-p 00000000 00:00 0 
7fcfc017f000-7fcfc4000000 ---p 00000000 00:00 0 
7fcfc4000000-7fcfc4021000 rw-p 00000000 00:00 0 
7fcfc4021000-7fcfc8000000 ---p 00000000 00:00 0 
7fcfc8000000-7fcfc8021000 rw-p 00000000 00:00 0 
7fcfc8021000-7fcfcc000000 ---p 00000000 00:00 0 
7fcfcc000000-7fcfcc8d6000 rw-p 00000000 00:00 0 
7fcfcc8d6000-7fcfd0000000 ---p 00000000 00:00 0 
7fcfd0000000-7fcfd0021000 rw-p 00000000 00:00 0 
7fcfd0021000-7fcfd4000000 ---p 00000000 00:00 0 
7fcfd4000000-7fcfd4021000 rw-p 00000000 00:00 0 
7fcfd4021000-7fcfd8000000 ---p 00000000 00:00 0 
7fcfd8000000-7fcfd8021000 rw-p 00000000 00:00 0 
7fcfd8021000-7fcfdc000000 ---p 00000000 00:00 0 
7fcfdc000000-7fcfdc054000 rw-p 00000000 00:00 0 
7fcfdc054000-7fcfe0000000 ---p 00000000 00:00 0 
7fcfe0000000-7fcfe0100000 rw-p 00000000 00:00 0 
7fcfe0100000-7fcfe05c0000 rw-p 00000000 00:00 0 
7fcfe05c0000-7fcfe0600000 rw-p 00000000 00:00 0 
7fcfe0600000-7fcfe0800000 rw-p 00000000 00:00 0 
7fcfe0800000-7fcfe0900000 rw-p 00000000 00:00 0 
7fcfe0900000-7fcfe0a00000 rw-p 00000000 00:00 0 
7fcfe0a00000-7fcfe0f80000 rw-p 00000000 00:00 0 
7fcfe0f80000-7fcfe1000000 rw-p 00000000 00:00 0 
7fcfe1200000-7fcfe1210000 r-xp 00000000 00:505 362                       /home/runner/.cache/jdt-language-server/config/org.eclipse.equinox.launcher/org.eclipse.equinox.launcher.gtk.linux.x86_64_1.2.400.v20211117-0650/eclipse_11600.so
7fcfe1210000-7fcfe140f000 ---p 00010000 00:505 362                       /home/runner/.cache/jdt-language-server/config/org.eclipse.equinox.launcher/org.eclipse.equinox.launcher.gtk.linux.x86_64_1.2.400.v20211117-0650/eclipse_11600.so
7fcfe140f000-7fcfe1410000 r--p 0000f000 00:505 362                       /home/runner/.cache/jdt-language-server/config/org.eclipse.equinox.launcher/org.eclipse.equinox.launcher.gtk.linux.x86_64_1.2.400.v20211117-0650/eclipse_11600.so
7fcfe1410000-7fcfe1411000 rw-p 00010000 00:505 362                       /home/runner/.cache/jdt-language-server/config/org.eclipse.equinox.launcher/org.eclipse.equinox.launcher.gtk.linux.x86_64_1.2.400.v20211117-0650/eclipse_11600.so
7fcfe2500000-7fcfe2600000 ---p 00000000 00:00 0 
7fcfe2600000-7fcfe2baf000 r--p 01122000 00:508 4611686019135190040       /nix/store/gpxl5qgg8kicmcvivwmybwjlpf7wh20l-graalvm17-ce-22.3.0/lib/libjvmcicompiler.so
7fcfe2baf000-7fcfe2d00000 r--p 00000000 00:00 0 
7fcfe2d00000-7fcfe2d3d000 rw-p 00000000 00:00 0 
7fcfe2d3d000-7fcfe325d000 rw-p 0185f000 00:508 4611686019135190040       /nix/store/gpxl5qgg8kicmcvivwmybwjlpf7wh20l-graalvm17-ce-22.3.0/lib/libjvmcicompiler.so
7fcfe325d000-7fcfe3644000 r--p 01d7f000 00:508 4611686019135190040       /nix/store/gpxl5qgg8kicmcvivwmybwjlpf7wh20l-graalvm17-ce-22.3.0/lib/libjvmcicompiler.so
7fcfe3700000-7fcfe3704000 ---p 00000000 00:00 0 
7fcfe3704000-7fcfe3800000 rw-p 00000000 00:00 0 
7fcfe3900000-7fcfe3904000 ---p 00000000 00:00 0 
7fcfe3904000-7fcfe3a00000 rw-p 00000000 00:00 0 
7fcfe3a00000-7fcfe3a04000 ---p 00000000 00:00 0 
7fcfe3a04000-7fcfe3b00000 rw-p 00000000 00:00 0 
7fcfe3b00000-7fcfe3b04000 ---p 00000000 00:00 0 
7fcfe3b04000-7fcfe3c00000 rw-p 00000000 00:00 0 
7fcfe3c00000-7fcfe3c04000 ---p 00000000 00:00 0 
7fcfe3c04000-7fcfe3d00000 rw-p 00000000 00:00 0 
7fcfe3d00000-7fcfe3d04000 ---p 00000000 00:00 0 
7fcfe3d04000-7fcfe3e00000 rw-p 00000000 00:00 0 
7fcfe3f00000-7fcfe3f04000 ---p 00000000 00:00 0 
7fcfe3f04000-7fcfe4000000 rw-p 00000000 00:00 0 
7fcfe4000000-7fcfe4004000 ---p 00000000 00:00 0 
7fcfe4004000-7fcfe4100000 rw-p 00000000 00:00 0 
7fcfe4100000-7fcfe4104000 ---p 00000000 00:00 0 
7fcfe4104000-7fcfe4200000 rw-p 00000000 00:00 0 
7fcfe4300000-7fcfe4304000 ---p 00000000 00:00 0 
7fcfe4304000-7fcfe4400000 rw-p 00000000 00:00 0 
7fcfe4400000-7fcfe4404000 ---p 00000000 00:00 0 
7fcfe4404000-7fcfe4500000 rw-p 00000000 00:00 0 
7fcfe4500000-7fcfe4504000 ---p 00000000 00:00 0 
7fcfe4504000-7fcfe4600000 rw-p 00000000 00:00 0 
7fcfe4700000-7fcfe4704000 ---p 00000000 00:00 0 
7fcfe4704000-7fcfe4800000 rw-p 00000000 00:00 0 
7fcfe4900000-7fcfe4904000 ---p 00000000 00:00 0 
7fcfe4904000-7fcfe4a00000 rw-p 00000000 00:00 0 
7fcfe5668000-7fcfe5b00000 rw-p 00000000 00:00 0 
7fcfe5c00000-7fcfe7d6a000 r-xp 00000000 00:508 4611686019135190040       /nix/store/gpxl5qgg8kicmcvivwmybwjlpf7wh20l-graalvm17-ce-22.3.0/lib/libjvmcicompiler.so
7fcfe7d6a000-7fcfe7f69000 ---p 0216a000 00:508 4611686019135190040       /nix/store/gpxl5qgg8kicmcvivwmybwjlpf7wh20l-graalvm17-ce-22.3.0/lib/libjvmcicompiler.so
7fcfe7f69000-7fcfe7f6a000 r--p 02169000 00:508 4611686019135190040       /nix/store/gpxl5qgg8kicmcvivwmybwjlpf7wh20l-graalvm17-ce-22.3.0/lib/libjvmcicompiler.so
7fcfe7f6a000-7fcfe7f6c000 rw-p 0216a000 00:508 4611686019135190040       /nix/store/gpxl5qgg8kicmcvivwmybwjlpf7wh20l-graalvm17-ce-22.3.0/lib/libjvmcicompiler.so
7fcfe7f6c000-7fcfe7f6d000 rw-p 00000000 00:00 0 
7fcfe7f6d000-7fcfe7f72000 rw-p 023c3000 00:508 4611686019135190040       /nix/store/gpxl5qgg8kicmcvivwmybwjlpf7wh20l-graalvm17-ce-22.3.0/lib/libjvmcicompiler.so
7fcfe8000000-7fcfe8021000 rw-p 00000000 00:00 0 
7fcfe8021000-7fcfec000000 ---p 00000000 00:00 0 
7fcfec000000-7fcfec021000 rw-p 00000000 00:00 0 
7fcfec021000-7fcff0000000 ---p 00000000 00:00 0 
7fcff0000000-7fcff0021000 rw-p 00000000 00:00 0 
7fcff0021000-7fcff4000000 ---p 00000000 00:00 0 
7fcff4000000-7fcff4021000 rw-p 00000000 00:00 0 
7fcff4021000-7fcff8000000 ---p 00000000 00:00 0 
7fcff8000000-7fcff80db000 rw-p 00000000 00:00 0 
7fcff80db000-7fcffc000000 ---p 00000000 00:00 0 
7fcffc000000-7fcffcad7000 rw-p 00000000 00:00 0 
7fcffcad7000-7fd000000000 ---p 00000000 00:00 0 
7fd000000000-7fd000021000 rw-p 00000000 00:00 0 
7fd000021000-7fd004000000 ---p 00000000 00:00 0 
7fd004000000-7fd004021000 rw-p 00000000 00:00 0 
7fd004021000-7fd008000000 ---p 00000000 00:00 0 
7fd008000000-7fd008021000 rw-p 00000000 00:00 0 
7fd008021000-7fd00c000000 ---p 00000000 00:00 0 
7fd00c000000-7fd00c021000 rw-p 00000000 00:00 0 
7fd00c021000-7fd010000000 ---p 00000000 00:00 0 
7fd010000000-7fd010021000 rw-p 00000000 00:00 0 
7fd010021000-7fd014000000 ---p 00000000 00:00 0 
7fd014000000-7fd014021000 rw-p 00000000 00:00 0 
7fd014021000-7fd018000000 ---p 00000000 00:00 0 
7fd018000000-7fd018047000 rw-p 00000000 00:00 0 
7fd018047000-7fd01c000000 ---p 00000000 00:00 0 
7fd01c000000-7fd01c004000 ---p 00000000 00:00 0 
7fd01c004000-7fd01c100000 rw-p 00000000 00:00 0 
7fd01c146000-7fd01c14a000 ---p 00000000 00:00 0 
7fd01c14a000-7fd01c246000 rw-p 00000000 00:00 0 
7fd01c246000-7fd01c247000 ---p 00000000 00:00 0 
7fd01c247000-7fd01c348000 rw-p 00000000 00:00 0 
7fd01c348000-7fd01c34c000 ---p 00000000 00:00 0 
7fd01c34c000-7fd01c448000 rw-p 00000000 00:00 0 
7fd01c448000-7fd01c44c000 ---p 00000000 00:00 0 
7fd01c44c000-7fd01c548000 rw-p 00000000 00:00 0 
7fd01c548000-7fd01c54c000 ---p 00000000 00:00 0 
7fd01c54c000-7fd01c648000 rw-p 00000000 00:00 0 
7fd01c648000-7fd01c64c000 ---p 00000000 00:00 0 
7fd01c64c000-7fd01c848000 rw-p 00000000 00:00 0 
7fd01c848000-7fd01c84c000 ---p 00000000 00:00 0 
7fd01c84c000-7fd01ca48000 rw-p 00000000 00:00 0 
7fd01ca48000-7fd01ca4c000 ---p 00000000 00:00 0 
7fd01ca4c000-7fd01cb48000 rw-p 00000000 00:00 0 
7fd01cb48000-7fd01cb4c000 ---p 00000000 00:00 0 
7fd01cb4c000-7fd01cc48000 rw-p 00000000 00:00 0 
7fd01cc48000-7fd01cc4c000 ---p 00000000 00:00 0 
7fd01cc4c000-7fd01cd48000 rw-p 00000000 00:00 0 
7fd01cd48000-7fd01d02e000 r--p 00000000 00:48c 28444448                  /usr/lib/locale/locale-archive
7fd01d02e000-7fd01d032000 ---p 00000000 00:00 0 
7fd01d032000-7fd01d12e000 rw-p 00000000 00:00 0 
7fd01d12e000-7fd01d132000 ---p 00000000 00:00 0 
7fd01d132000-7fd01d22e000 rw-p 00000000 00:00 0 
7fd01d22e000-7fd01d22f000 ---p 00000000 00:00 0 
7fd01d22f000-7fd01d330000 rw-p 00000000 00:00 0 
7fd01d330000-7fd01d3fe000 r-xp 00000000 00:508 4611686019135190036       /nix/store/gpxl5qgg8kicmcvivwmybwjlpf7wh20l-graalvm17-ce-22.3.0/lib/libjsvml.so
7fd01d3fe000-7fd01d3ff000 r--p 000cd000 00:508 4611686019135190036       /nix/store/gpxl5qgg8kicmcvivwmybwjlpf7wh20l-graalvm17-ce-22.3.0/lib/libjsvml.so
7fd01d3ff000-7fd01d400000 rw-p 000ce000 00:508 4611686019135190036       /nix/store/gpxl5qgg8kicmcvivwmybwjlpf7wh20l-graalvm17-ce-22.3.0/lib/libjsvml.so
7fd01d400000-7fd01d800000 rw-p 00000000 00:00 0 
7fd01d800000-7fd01dac0000 rw-p 00000000 00:00 0 
7fd01dac0000-7fd01db00000 rw-p 00000000 00:00 0 
7fd01db00000-7fd01dc00000 rw-p 00000000 00:00 0 
7fd01dc04000-7fd01dc08000 ---p 00000000 00:00 0 
7fd01dc08000-7fd01f4b3000 rw-p 00000000 00:00 0 
7fd01f4b3000-7fd01f723000 rwxp 00000000 00:00 0 
7fd01f723000-7fd01fa42000 ---p 00000000 00:00 0 
7fd01fa42000-7fd020a32000 rwxp 00000000 00:00 0 
7fd020a32000-7fd026f7a000 ---p 00000000 00:00 0 
7fd026f7a000-7fd02723a000 rwxp 00000000 00:00 0 
7fd02723a000-7fd02e4b3000 ---p 00000000 00:00 0 
7fd02e4b3000-7fd038000000 r--s 00000000 00:508 4611686019135192581       /nix/store/gpxl5qgg8kicmcvivwmybwjlpf7wh20l-graalvm17-ce-22.3.0/lib/modules
7fd038000000-7fd038436000 rw-p 00000000 00:00 0 
7fd038436000-7fd03c000000 ---p 00000000 00:00 0 
7fd03c008000-7fd03c00f000 r-xp 00000000 00:508 4611686019135192580       /nix/store/gpxl5qgg8kicmcvivwmybwjlpf7wh20l-graalvm17-ce-22.3.0/lib/libzip.so
7fd03c00f000-7fd03c010000 ---p 00007000 00:508 4611686019135192580       /nix/store/gpxl5qgg8kicmcvivwmybwjlpf7wh20l-graalvm17-ce-22.3.0/lib/libzip.so
7fd03c010000-7fd03c011000 r--p 00007000 00:508 4611686019135192580       /nix/store/gpxl5qgg8kicmcvivwmybwjlpf7wh20l-graalvm17-ce-22.3.0/lib/libzip.so
7fd03c011000-7fd03c012000 rw-p 00008000 00:508 4611686019135192580       /nix/store/gpxl5qgg8kicmcvivwmybwjlpf7wh20l-graalvm17-ce-22.3.0/lib/libzip.so
7fd03c012000-7fd03c014000 rw-p 0000b000 00:508 4611686019135192580       /nix/store/gpxl5qgg8kicmcvivwmybwjlpf7wh20l-graalvm17-ce-22.3.0/lib/libzip.so
7fd03c014000-7fd03c029000 r-xp 00000000 00:508 4611686019135192570       /nix/store/gpxl5qgg8kicmcvivwmybwjlpf7wh20l-graalvm17-ce-22.3.0/lib/libnet.so
7fd03c029000-7fd03c02a000 ---p 00015000 00:508 4611686019135192570       /nix/store/gpxl5qgg8kicmcvivwmybwjlpf7wh20l-graalvm17-ce-22.3.0/lib/libnet.so
7fd03c02a000-7fd03c02b000 r--p 00015000 00:508 4611686019135192570       /nix/store/gpxl5qgg8kicmcvivwmybwjlpf7wh20l-graalvm17-ce-22.3.0/lib/libnet.so
7fd03c02b000-7fd03c02c000 rw-p 00016000 00:508 4611686019135192570       /nix/store/gpxl5qgg8kicmcvivwmybwjlpf7wh20l-graalvm17-ce-22.3.0/lib/libnet.so
7fd03c02c000-7fd03c02f000 rw-p 0001b000 00:508 4611686019135192570       /nix/store/gpxl5qgg8kicmcvivwmybwjlpf7wh20l-graalvm17-ce-22.3.0/lib/libnet.so
7fd03c02f000-7fd03c042000 r-xp 00000000 00:508 4611686019135192571       /nix/store/gpxl5qgg8kicmcvivwmybwjlpf7wh20l-graalvm17-ce-22.3.0/lib/libnio.so
7fd03c042000-7fd03c043000 r--p 00012000 00:508 4611686019135192571       /nix/store/gpxl5qgg8kicmcvivwmybwjlpf7wh20l-graalvm17-ce-22.3.0/lib/libnio.so
7fd03c043000-7fd03c044000 rw-p 00013000 00:508 4611686019135192571       /nix/store/gpxl5qgg8kicmcvivwmybwjlpf7wh20l-graalvm17-ce-22.3.0/lib/libnio.so
7fd03c044000-7fd03c049000 rw-p 00019000 00:508 4611686019135192571       /nix/store/gpxl5qgg8kicmcvivwmybwjlpf7wh20l-graalvm17-ce-22.3.0/lib/libnio.so
7fd03c049000-7fd03c094000 rw-p 00000000 00:00 0 
7fd03c094000-7fd03c095000 ---p 00000000 00:00 0 
7fd03c095000-7fd03c240000 rw-p 00000000 00:00 0 
7fd03c240000-7fd03c261000 rw-p 00000000 00:00 0 
7fd03c261000-7fd03c296000 ---p 00000000 00:00 0 
7fd03c296000-7fd03c29d000 rw-p 00000000 00:00 0 
7fd03c29d000-7fd03c382000 ---p 00000000 00:00 0 
7fd03c382000-7fd03c3a2000 rw-p 00000000 00:00 0 
7fd03c3a2000-7fd03c46d000 ---p 00000000 00:00 0 
7fd03c46d000-7fd03c472000 rw-p 00000000 00:00 0 
7fd03c472000-7fd03c479000 ---p 00000000 00:00 0 
7fd03c479000-7fd03c49d000 r-xp 00000000 00:508 4611686019135190028       /nix/store/gpxl5qgg8kicmcvivwmybwjlpf7wh20l-graalvm17-ce-22.3.0/lib/libjava.so
7fd03c49d000-7fd03c49e000 ---p 00024000 00:508 4611686019135190028       /nix/store/gpxl5qgg8kicmcvivwmybwjlpf7wh20l-graalvm17-ce-22.3.0/lib/libjava.so
7fd03c49e000-7fd03c49f000 r--p 00024000 00:508 4611686019135190028       /nix/store/gpxl5qgg8kicmcvivwmybwjlpf7wh20l-graalvm17-ce-22.3.0/lib/libjava.so
7fd03c49f000-7fd03c4a0000 rw-p 00025000 00:508 4611686019135190028       /nix/store/gpxl5qgg8kicmcvivwmybwjlpf7wh20l-graalvm17-ce-22.3.0/lib/libjava.so
7fd03c4a0000-7fd03c4a1000 rw-p 00000000 00:00 0 
7fd03c4a1000-7fd03c4a8000 rw-p 0002f000 00:508 4611686019135190028       /nix/store/gpxl5qgg8kicmcvivwmybwjlpf7wh20l-graalvm17-ce-22.3.0/lib/libjava.so
7fd03c4a8000-7fd03c4b0000 rw-s 00000000 00:459 687                       /tmp/hsperfdata_runner/126
7fd03c4b0000-7fd03c4b1000 ---p 00000000 00:00 0 
7fd03c4b1000-7fd03c4b2000 r--p 00000000 00:00 0 
7fd03c4b2000-7fd03c4b3000 rwxp 00000000 00:00 0 
7fd03c4b3000-7fd03c4ce000 r-xp 00000000 00:508 4611686019135190032       /nix/store/gpxl5qgg8kicmcvivwmybwjlpf7wh20l-graalvm17-ce-22.3.0/lib/libjimage.so
7fd03c4ce000-7fd03c4cf000 ---p 0001b000 00:508 4611686019135190032       /nix/store/gpxl5qgg8kicmcvivwmybwjlpf7wh20l-graalvm17-ce-22.3.0/lib/libjimage.so
7fd03c4cf000-7fd03c4d1000 r--p 0001b000 00:508 4611686019135190032       /nix/store/gpxl5qgg8kicmcvivwmybwjlpf7wh20l-graalvm17-ce-22.3.0/lib/libjimage.so
7fd03c4d1000-7fd03c4d2000 rw-p 0001d000 00:508 4611686019135190032       /nix/store/gpxl5qgg8kicmcvivwmybwjlpf7wh20l-graalvm17-ce-22.3.0/lib/libjimage.so
7fd03c4d2000-7fd03c4d3000 rw-p 00024000 00:508 4611686019135190032       /nix/store/gpxl5qgg8kicmcvivwmybwjlpf7wh20l-graalvm17-ce-22.3.0/lib/libjimage.so
7fd03c4d3000-7fd03c4d7000 ---p 00000000 00:00 0 
7fd03c4d7000-7fd03c5d3000 rw-p 00000000 00:00 0 
7fd03c5d3000-7fd03c5e1000 r--p 00000000 00:508 4611686019027979927       /nix/store/4nlgxhb09sdr51nc9hdm8az5b08vzkgx-glibc-2.35-163/lib/libm.so.6
7fd03c5e1000-7fd03c654000 r-xp 0000e000 00:508 4611686019027979927       /nix/store/4nlgxhb09sdr51nc9hdm8az5b08vzkgx-glibc-2.35-163/lib/libm.so.6
7fd03c654000-7fd03c6b1000 r--p 00081000 00:508 4611686019027979927       /nix/store/4nlgxhb09sdr51nc9hdm8az5b08vzkgx-glibc-2.35-163/lib/libm.so.6
7fd03c6b1000-7fd03c6b2000 r--p 000dd000 00:508 4611686019027979927       /nix/store/4nlgxhb09sdr51nc9hdm8az5b08vzkgx-glibc-2.35-163/lib/libm.so.6
7fd03c6b2000-7fd03c6b3000 rw-p 000de000 00:508 4611686019027979927       /nix/store/4nlgxhb09sdr51nc9hdm8az5b08vzkgx-glibc-2.35-163/lib/libm.so.6
7fd03c6b3000-7fd03c6b4000 r--p 00000000 00:508 4611686019027979946       /nix/store/4nlgxhb09sdr51nc9hdm8az5b08vzkgx-glibc-2.35-163/lib/librt.so.1
7fd03c6b4000-7fd03c6b5000 r-xp 00001000 00:508 4611686019027979946       /nix/store/4nlgxhb09sdr51nc9hdm8az5b08vzkgx-glibc-2.35-163/lib/librt.so.1
7fd03c6b5000-7fd03c6b6000 r--p 00002000 00:508 4611686019027979946       /nix/store/4nlgxhb09sdr51nc9hdm8az5b08vzkgx-glibc-2.35-163/lib/librt.so.1
7fd03c6b6000-7fd03c6b7000 r--p 00002000 00:508 4611686019027979946       /nix/store/4nlgxhb09sdr51nc9hdm8az5b08vzkgx-glibc-2.35-163/lib/librt.so.1
7fd03c6b7000-7fd03c6b8000 rw-p 00003000 00:508 4611686019027979946       /nix/store/4nlgxhb09sdr51nc9hdm8az5b08vzkgx-glibc-2.35-163/lib/librt.so.1
7fd03c6b8000-7fd03d7cb000 r-xp 00000000 00:508 4611686019135360866       /nix/store/gpxl5qgg8kicmcvivwmybwjlpf7wh20l-graalvm17-ce-22.3.0/lib/server/libjvm.so
7fd03d7cb000-7fd03d7cc000 ---p 01113000 00:508 4611686019135360866       /nix/store/gpxl5qgg8kicmcvivwmybwjlpf7wh20l-graalvm17-ce-22.3.0/lib/server/libjvm.so
7fd03d7cc000-7fd03d881000 r--p 01113000 00:508 4611686019135360866       /nix/store/gpxl5qgg8kicmcvivwmybwjlpf7wh20l-graalvm17-ce-22.3.0/lib/server/libjvm.so
7fd03d881000-7fd03d8b5000 rw-p 011c8000 00:508 4611686019135360866       /nix/store/gpxl5qgg8kicmcvivwmybwjlpf7wh20l-graalvm17-ce-22.3.0/lib/server/libjvm.so
7fd03d8b5000-7fd03d911000 rw-p 00000000 00:00 0 
7fd03d911000-7fd03d939000 r--p 00000000 00:508 4611686019027979918       /nix/store/4nlgxhb09sdr51nc9hdm8az5b08vzkgx-glibc-2.35-163/lib/libc.so.6
7fd03d939000-7fd03daaf000 r-xp 00028000 00:508 4611686019027979918       /nix/store/4nlgxhb09sdr51nc9hdm8az5b08vzkgx-glibc-2.35-163/lib/libc.so.6
7fd03daaf000-7fd03db07000 r--p 0019e000 00:508 4611686019027979918       /nix/store/4nlgxhb09sdr51nc9hdm8az5b08vzkgx-glibc-2.35-163/lib/libc.so.6
7fd03db07000-7fd03db0b000 r--p 001f6000 00:508 4611686019027979918       /nix/store/4nlgxhb09sdr51nc9hdm8az5b08vzkgx-glibc-2.35-163/lib/libc.so.6
7fd03db0b000-7fd03db0d000 rw-p 001fa000 00:508 4611686019027979918       /nix/store/4nlgxhb09sdr51nc9hdm8az5b08vzkgx-glibc-2.35-163/lib/libc.so.6
7fd03db0d000-7fd03db1c000 rw-p 00000000 00:00 0 
7fd03db1c000-7fd03db1d000 r--p 00000000 00:508 4611686019027979923       /nix/store/4nlgxhb09sdr51nc9hdm8az5b08vzkgx-glibc-2.35-163/lib/libdl.so.2
7fd03db1d000-7fd03db1e000 r-xp 00001000 00:508 4611686019027979923       /nix/store/4nlgxhb09sdr51nc9hdm8az5b08vzkgx-glibc-2.35-163/lib/libdl.so.2
7fd03db1e000-7fd03db1f000 r--p 00002000 00:508 4611686019027979923       /nix/store/4nlgxhb09sdr51nc9hdm8az5b08vzkgx-glibc-2.35-163/lib/libdl.so.2
7fd03db1f000-7fd03db20000 r--p 00002000 00:508 4611686019027979923       /nix/store/4nlgxhb09sdr51nc9hdm8az5b08vzkgx-glibc-2.35-163/lib/libdl.so.2
7fd03db20000-7fd03db21000 rw-p 00003000 00:508 4611686019027979923       /nix/store/4nlgxhb09sdr51nc9hdm8az5b08vzkgx-glibc-2.35-163/lib/libdl.so.2
7fd03db21000-7fd03db22000 r--p 00000000 00:508 4611686019027979942       /nix/store/4nlgxhb09sdr51nc9hdm8az5b08vzkgx-glibc-2.35-163/lib/libpthread.so.0
7fd03db22000-7fd03db23000 r-xp 00001000 00:508 4611686019027979942       /nix/store/4nlgxhb09sdr51nc9hdm8az5b08vzkgx-glibc-2.35-163/lib/libpthread.so.0
7fd03db23000-7fd03db24000 r--p 00002000 00:508 4611686019027979942       /nix/store/4nlgxhb09sdr51nc9hdm8az5b08vzkgx-glibc-2.35-163/lib/libpthread.so.0
7fd03db24000-7fd03db25000 r--p 00002000 00:508 4611686019027979942       /nix/store/4nlgxhb09sdr51nc9hdm8az5b08vzkgx-glibc-2.35-163/lib/libpthread.so.0
7fd03db25000-7fd03db26000 rw-p 00003000 00:508 4611686019027979942       /nix/store/4nlgxhb09sdr51nc9hdm8az5b08vzkgx-glibc-2.35-163/lib/libpthread.so.0
7fd03db26000-7fd03db34000 r-xp 00000000 00:508 4611686019135190033       /nix/store/gpxl5qgg8kicmcvivwmybwjlpf7wh20l-graalvm17-ce-22.3.0/lib/libjli.so
7fd03db34000-7fd03db35000 ---p 0000e000 00:508 4611686019135190033       /nix/store/gpxl5qgg8kicmcvivwmybwjlpf7wh20l-graalvm17-ce-22.3.0/lib/libjli.so
7fd03db35000-7fd03db36000 r--p 0000e000 00:508 4611686019135190033       /nix/store/gpxl5qgg8kicmcvivwmybwjlpf7wh20l-graalvm17-ce-22.3.0/lib/libjli.so
7fd03db36000-7fd03db37000 rw-p 0000f000 00:508 4611686019135190033       /nix/store/gpxl5qgg8kicmcvivwmybwjlpf7wh20l-graalvm17-ce-22.3.0/lib/libjli.so
7fd03db37000-7fd03db38000 rw-p 00012000 00:508 4611686019135190033       /nix/store/gpxl5qgg8kicmcvivwmybwjlpf7wh20l-graalvm17-ce-22.3.0/lib/libjli.so
7fd03db38000-7fd03db3b000 r--p 00000000 00:508 4611686019106210071       /nix/store/026hln0aq1hyshaxsdvhg0kmcm6yf45r-zlib-1.2.13/lib/libz.so.1.2.13
7fd03db3b000-7fd03db4d000 r-xp 00003000 00:508 4611686019106210071       /nix/store/026hln0aq1hyshaxsdvhg0kmcm6yf45r-zlib-1.2.13/lib/libz.so.1.2.13
7fd03db4d000-7fd03db54000 r--p 00015000 00:508 4611686019106210071       /nix/store/026hln0aq1hyshaxsdvhg0kmcm6yf45r-zlib-1.2.13/lib/libz.so.1.2.13
7fd03db54000-7fd03db55000 r--p 0001b000 00:508 4611686019106210071       /nix/store/026hln0aq1hyshaxsdvhg0kmcm6yf45r-zlib-1.2.13/lib/libz.so.1.2.13
7fd03db55000-7fd03db56000 rw-p 0001c000 00:508 4611686019106210071       /nix/store/026hln0aq1hyshaxsdvhg0kmcm6yf45r-zlib-1.2.13/lib/libz.so.1.2.13
7fd03db56000-7fd03db58000 rw-p 00000000 00:00 0 
7fd03db58000-7fd03db5a000 r--p 00000000 00:508 4611686019027979912       /nix/store/4nlgxhb09sdr51nc9hdm8az5b08vzkgx-glibc-2.35-163/lib/ld-linux-x86-64.so.2
7fd03db5a000-7fd03db81000 r-xp 00002000 00:508 4611686019027979912       /nix/store/4nlgxhb09sdr51nc9hdm8az5b08vzkgx-glibc-2.35-163/lib/ld-linux-x86-64.so.2
7fd03db81000-7fd03db8d000 r--p 00029000 00:508 4611686019027979912       /nix/store/4nlgxhb09sdr51nc9hdm8az5b08vzkgx-glibc-2.35-163/lib/ld-linux-x86-64.so.2
7fd03db8d000-7fd03db8f000 r--p 00034000 00:508 4611686019027979912       /nix/store/4nlgxhb09sdr51nc9hdm8az5b08vzkgx-glibc-2.35-163/lib/ld-linux-x86-64.so.2
7fd03db8f000-7fd03db91000 rw-p 00036000 00:508 4611686019027979912       /nix/store/4nlgxhb09sdr51nc9hdm8az5b08vzkgx-glibc-2.35-163/lib/ld-linux-x86-64.so.2
7ffd174ee000-7ffd17512000 rw-p 00000000 00:00 0                          [stack]
7ffd17587000-7ffd1758b000 r--p 00000000 00:00 0                          [vvar]
7ffd1758b000-7ffd1758d000 r-xp 00000000 00:00 0                          [vdso]
ffffffffff600000-ffffffffff601000 --xp 00000000 00:00 0                  [vsyscall]


VM Arguments:
jvm_args: -XX:ThreadPriorityPolicy=1 -XX:+UnlockExperimentalVMOptions -XX:+EnableJVMCIProduct -XX:JVMCIThreadsPerNativeLibraryRuntime=1 -XX:-UnlockExperimentalVMOptions -Declipse.application=org.eclipse.jdt.ls.core.id1 -Dosgi.bundles.defaultStartLevel=4 -Declipse.product=org.eclipse.jdt.ls.core.product -Dlog.level=ALL -Xverify:none -XX:+UseParallelGC -XX:GCTimeRatio=4 -XX:AdaptiveSizePolicyWeight=90 -Dsun.zip.disableMemoryMapping=true -Xmx512m -Xms100m 
java_command: /nix/store/m6gcpi1ii6rghy04cjwjddcavv7i90df-jdt-language-server-1.9.0/share/java/plugins/org.eclipse.equinox.launcher_1.6.400.v20210924-0641.jar --add-modules=ALL-SYSTEM --add-opens java.base/java.util=ALL-UNNAMED --add-opens java.base/java.lang=ALL-UNNAMED -configuration /home/runner/.cache/jdt-language-server/config -data /home/runner/.cache/jdt-language-server/data/home/runner/Bikini-Bottom
java_class_path (initial): /nix/store/m6gcpi1ii6rghy04cjwjddcavv7i90df-jdt-language-server-1.9.0/share/java/plugins/org.eclipse.equinox.launcher_1.6.400.v20210924-0641.jar
Launcher Type: SUN_STANDARD

[Global flags]
    uintx AdaptiveSizePolicyWeight                 = 90                                        {product} {command line}
     intx CICompilerCount                          = 2                                         {product} {ergonomic}
     bool EnableJVMCIProduct                       = true                                {JVMCI product} {jimage}
    uintx GCTimeRatio                              = 4                                         {product} {command line}
   size_t InitialHeapSize                          = 104857600                                 {product} {command line}
     uint JVMCIThreadsPerNativeLibraryRuntime      = 1                                   {JVMCI product} {jimage}
   size_t MaxHeapSize                              = 536870912                                 {product} {command line}
   size_t MaxNewSize                               = 178782208                                 {product} {ergonomic}
   size_t MinHeapDeltaBytes                        = 524288                                    {product} {ergonomic}
   size_t MinHeapSize                              = 104857600                                 {product} {command line}
   size_t NewSize                                  = 34603008                                  {product} {ergonomic}
    uintx NonNMethodCodeHeapSize                   = 5826188                                {pd product} {ergonomic}
    uintx NonProfiledCodeHeapSize                  = 122916026                              {pd product} {ergonomic}
   size_t OldSize                                  = 70254592                                  {product} {ergonomic}
    uintx ProfiledCodeHeapSize                     = 122916026                              {pd product} {ergonomic}
    uintx ReservedCodeCacheSize                    = 251658240                              {pd product} {ergonomic}
     bool SegmentedCodeCache                       = true                                      {product} {ergonomic}
   size_t SoftMaxHeapSize                          = 536870912                              {manageable} {ergonomic}
     intx ThreadPriorityPolicy                     = 1                                         {product} {jimage}
     bool UseCompressedClassPointers               = true                           {product lp64_product} {ergonomic}
     bool UseCompressedOops                        = true                           {product lp64_product} {ergonomic}
     bool UseParallelGC                            = true                                      {product} {command line}

Logging:
Log output configuration:
 #0: stdout all=warning uptime,level,tags
 #1: stderr all=off uptime,level,tags

Environment Variables:
JAVA_HOME=/nix/store/gpxl5qgg8kicmcvivwmybwjlpf7wh20l-graalvm17-ce-22.3.0
PATH=/nix/store/1d6ian3r8kdzspw8hacjhl3xkp40g1lj-binutils-wrapper-2.39/bin:/nix/store/dq0xwmsk1g0i2ayg6pb7y87na2knzylh-gcc-wrapper-11.3.0/bin:/nix/store/bap4d0lpcrhpwmpb8ayjcgkmvfj62lnq-bash-interactive-5.1-p16/bin:/nix/store/pr5n59mb4jzmfx6kanwxly0l07p861fg-patchelf-0.15.0/bin:/nix/store/1gf2flfqnpqbr1b4p4qz2f72y42bs56r-gcc-11.3.0/bin:/nix/store/57xv61c5zi8pphjbcwxxjlgc34p61ic9-glibc-2.35-163-bin/bin:/nix/store/a7gvj343m05j2s32xcnwr35v31ynlypr-coreutils-9.1/bin:/nix/store/039g378vc3pc3dvi9dzdlrd0i4q93qwf-binutils-2.39/bin:/nix/store/gpxl5qgg8kicmcvivwmybwjlpf7wh20l-graalvm17-ce-22.3.0/bin:/nix/store/6z9ag3ihc8mq2hzsw48lhbznvzny65nz-apache-maven-3.8.6/bin:/nix/store/m6gcpi1ii6rghy04cjwjddcavv7i90df-jdt-language-server-1.9.0/bin:/nix/store/84xs5alhs01zrbr4ywm05kxbjbp5590l-java-debug/bin:/nix/store/mydc6f4k2z73xlcz7ilif3v2lcaiqvza-findutils-4.9.0/bin:/nix/store/j9p3g8472iijd50vhdprx0nmk2fqn5gv-diffutils-3.8/bin:/nix/store/89zs7rms6x00xfq4dq6m7mjnhkr8a6r4-gnused-4.8/bin:/nix/store/86bp03jkmsl6f92w0yzg4s59g5mhxwmy-gnugrep-3.7/bin:/nix/store/hwcdqw4jrjnd37wxqgsd47hd0j8bnj09-gawk-5.1.1/bin:/nix/store/cfbhw8r8ags41vwqaz47r583d0p4h4a1-gnutar-1.34/bin:/nix/store/p3m1ndl1lapwrlh698bnb5lvvxh67378-gzip-1.12/bin:/nix/store/a8mhcagrsly7c7mpjrpsnaahk4aax056-bzip2-1.0.8-bin/bin:/nix/store/mblgz65m3zv9x548a3d5m96fj2pbwr09-gnumake-4.3/bin:/nix/store/dsd5gz46hdbdk2rfdimqddhq6m8m8fqs-bash-5.1-p16/bin:/nix/store/v7ljksji50mg3w61dykaa3n3y79n6nil-patch-2.7.6/bin:/nix/store/zlcnmqq14jz5x9439jf937mvayyl63da-xz-5.2.7-bin/bin:/nix/store/y6aj732zm9m87c82fpvf103a1xb22blp-file-5.43/bin:/nix/store/i4kzir3m7mrisxmf5xvlnkw01x4qaqr4-prybar-elisp-0.0.0-e0d9a52/bin:/nix/store/lwwivxf6h7x3cvxp9zv8sj0mv7dak99r-prybar-lua-0.0.0-e0d9a52/bin:/nix/store/gxj28g1cg4hq3qanmjv07156h800qr58-prybar-python3-0.0.0-e0d9a52/bin:/nix/store/hshkjnxrgidigf8x75vg6lqng2xlx9i3-prybar-sqlite-0.0.0-e0d9a52/bin:/nix/store/c4w01bpjgyy5ixmwdk8m1pw87zq4sl26-prybar-tcl-0.0.0-e0d9a52/bin:/nix/store/hpbvrlwd5viqmvcaisb3x0118i913a9n-st
LD_LIBRARY_PATH=/nix/store/a4pff549sk2idnkpzk5nsfps3mdkdnvm-cups-2.4.2-lib/lib:/nix/store/72mqxxhh3cy5yifh92wh2yb8cl2hikyy-cairo-1.16.0/lib:/nix/store/2k366jrbsra97gjfxwvrhvixjfxdach5-glib-2.74.1/lib:/nix/store/2j2znigd8ak37rlwh9khz0ry3clqlw1l-gtk+3-3.24.34/lib:/nix/store/hisqvx32cd57apbpcsnkpx6k3549wql1-libglvnd-1.4.0/lib:/nix/store/p36pgcv991mq5srvg765b78yqpxvk3qs-mesa-21.3.3-drivers/lib:/nix/store/mav4251if1ahjq5vkpwycyyvnmy459c4-pulseaudio-14.2/lib
DISPLAY=:0
LANG=en_US.UTF-8

Signal Handlers:
   SIGSEGV: crash_handler in libjvm.so, mask=11100100010111111101111111111110, flags=SA_RESTART|SA_SIGINFO
    SIGBUS: crash_handler in libjvm.so, mask=11100100010111111101111111111110, flags=SA_RESTART|SA_SIGINFO
    SIGFPE: crash_handler in libjvm.so, mask=11100100010111111101111111111110, flags=SA_RESTART|SA_SIGINFO
   SIGPIPE: IsolateEnterStub_IgnoreSIGPIPEStartupHook_noopSignalHandler_8f19bff2f35b5f630d83b364d6b2339320d4ec70_216e8361c6bc87a8f89f58cc10d3b2fd4415bf87 in libjvmcicompiler.so, mask=00000000000000000000000000000000, flags=SA_RESTART
  *** Handler was modified!
  *** Expected: javaSignalHandler in libjvm.so, mask=11100100110111111111111111111110, flags=SA_RESTART|SA_SIGINFO
   SIGXFSZ: javaSignalHandler in libjvm.so, mask=11100100010111111101111111111110, flags=SA_RESTART|SA_SIGINFO
    SIGILL: crash_handler in libjvm.so, mask=11100100010111111101111111111110, flags=SA_RESTART|SA_SIGINFO
   SIGUSR2: SR_handler in libjvm.so, mask=00000000000000000000000000000000, flags=SA_RESTART|SA_SIGINFO
    SIGHUP: UserHandler in libjvm.so, mask=11100100010111111101111111111110, flags=SA_RESTART|SA_SIGINFO
    SIGINT: UserHandler in libjvm.so, mask=11100100010111111101111111111110, flags=SA_RESTART|SA_SIGINFO
   SIGTERM: UserHandler in libjvm.so, mask=11100100010111111101111111111110, flags=SA_RESTART|SA_SIGINFO
   SIGQUIT: UserHandler in libjvm.so, mask=11100100010111111101111111111110, flags=SA_RESTART|SA_SIGINFO
  *** Handler was modified!
  *** Expected: javaSignalHandler in libjvm.so, mask=11100100110111111111111111111110, flags=SA_RESTART|SA_SIGINFO
   SIGTRAP: crash_handler in libjvm.so, mask=11100100010111111101111111111110, flags=SA_RESTART|SA_SIGINFO


---------------  S Y S T E M  ---------------

OS:
DISTRIB_ID=Ubuntu
DISTRIB_RELEASE=20.04
DISTRIB_CODENAME=focal
DISTRIB_DESCRIPTION="Ubuntu 20.04.2 LTS"
uname: Linux 5.19.0-1030-gcp #32~22.04.1-Ubuntu SMP Thu Jul 13 09:36:23 UTC 2023 x86_64
OS uptime: 0 days 20:04 hours
libc: glibc 2.35 NPTL 2.35 
rlimit (soft/hard): STACK 8192k/infinity , CORE infinity/infinity , NPROC infinity/infinity , NOFILE 5242/5242 , AS infinity/infinity , CPU infinity/infinity , DATA infinity/infinity , FSIZE infinity/infinity , MEMLOCK 8192k/8192k
load average: 47.94 33.81 22.05

/proc/meminfo:
MemTotal:       65839956 kB
MemFree:        15720100 kB
MemAvailable:   24463300 kB
Buffers:          445732 kB
Cached:          7885904 kB
SwapCached:            0 kB
Active:          4074292 kB
Inactive:       19089228 kB
Active(anon):      10420 kB
Inactive(anon): 14733004 kB
Active(file):    4063872 kB
Inactive(file):  4356224 kB
Unevictable:       28788 kB
Mlocked:           28788 kB
SwapTotal:             0 kB
SwapFree:              0 kB
Zswap:                 0 kB
Zswapped:              0 kB
Dirty:              3768 kB
Writeback:            16 kB
AnonPages:      13713468 kB
Mapped:          1102776 kB
Shmem:             10428 kB
KReclaimable:    1226160 kB
Slab:            1705164 kB
SReclaimable:    1226160 kB
SUnreclaim:       479004 kB
KernelStack:      113372 kB
PageTables:       170440 kB
NFS_Unstable:          0 kB
Bounce:                0 kB
WritebackTmp:          0 kB
CommitLimit:    32919976 kB
Committed_AS:   47502028 kB
VmallocTotal:   34359738367 kB
VmallocUsed:      140884 kB
VmallocChunk:          0 kB
Percpu:            27616 kB
HardwareCorrupted:     0 kB
AnonHugePages:    903168 kB
ShmemHugePages:        0 kB
ShmemPmdMapped:        0 kB
FileHugePages:         0 kB
FilePmdMapped:         0 kB
HugePages_Total:       0
HugePages_Free:        0
HugePages_Rsvd:        0
HugePages_Surp:        0
Hugepagesize:       2048 kB
Hugetlb:               0 kB
DirectMap4k:    10279736 kB
DirectMap2M:    55777280 kB
DirectMap1G:     3145728 kB

/sys/kernel/mm/transparent_hugepage/enabled: always [madvise] never
/sys/kernel/mm/transparent_hugepage/defrag (defrag/compaction efforts parameter): always defer defer+madvise [madvise] never

Process Memory:
Virtual Size: 4323944K (peak: 4396840K)
Resident Set Size: 691188K (peak: 782352K) (anon: 555548K, file: 135640K, shmem: 0K)
Swapped out: 0K
C-Heap outstanding allocations: 38837K, retained: 14138K
glibc malloc tunables: (default)

/proc/sys/kernel/threads-max (system-wide limit on the number of threads): 514310
/proc/sys/vm/max_map_count (maximum number of memory map areas a process may have): 65530
/proc/sys/kernel/pid_max (system-wide limit on number of process identifiers): 4194304

container (cgroup) information:
container_type: cgroupv1
cpu_cpuset_cpus: 2-7
cpu_memory_nodes: 0
active_processor_count: 1
cpu_quota: 50000
cpu_period: 100000
cpu_shares: 512
memory_limit_in_bytes: 1048576 k
memory_and_swap_limit_in_bytes: 1048576 k
memory_soft_limit_in_bytes: 524288 k
memory_usage_in_bytes: 767568 k
memory_max_usage_in_bytes: 1048576 k
maximum number of tasks: 1000
current number of tasks: 72

KVM virtualization detected
Steal ticks since vm start: 287
Steal ticks percentage since vm start:  0.001

CPU: total 8 (initial active 1) (4 cores per cpu, 2 threads per core) family 6 model 79 stepping 0 microcode 0xffffffff, cx8, cmov, fxsr, ht, mmx, 3dnowpref, sse, sse2, sse3, ssse3, sse4.1, sse4.2, popcnt, lzcnt, tsc, tscinvbit, avx, avx2, aes, erms, clmul, bmi1, bmi2, rtm, adx, fma, vzeroupper, clflush, hv
CPU Model and flags from /proc/cpuinfo:
model name	: Intel(R) Xeon(R) CPU @ 2.20GHz
flags		: fpu vme de pse tsc msr pae mce cx8 apic sep mtrr pge mca cmov pat pse36 clflush mmx fxsr sse sse2 ss ht syscall nx pdpe1gb rdtscp lm constant_tsc rep_good nopl xtopology nonstop_tsc cpuid tsc_known_freq pni pclmulqdq ssse3 fma cx16 pcid sse4_1 sse4_2 x2apic movbe popcnt aes xsave avx f16c rdrand hypervisor lahf_lm abm 3dnowprefetch invpcid_single pti ssbd ibrs ibpb stibp fsgsbase tsc_adjust bmi1 hle avx2 smep bmi2 erms invpcid rtm rdseed adx smap xsaveopt arat md_clear arch_capabilities

Online cpus: 0-7
Offline cpus: 
BIOS frequency limitation: <Not Available>
Frequency switch latency (ns): <Not Available>
Available cpu frequencies: <Not Available>
Current governor: <Not Available>
Core performance/turbo boost: <Not Available>

Memory: 4k page, physical 1048576k(281000k free), swap 0k(0k free)
Page Sizes: 4k

vm_info: OpenJDK 64-Bit Server VM (17.0.5+8-jvmci-22.3-b08) for linux-amd64 JRE (17.0.5+8-jvmci-22.3-b08), built on Oct 19 2022 09:01:27 by "buildslave" with gcc 10.3.0

END.
